{"numFailedTestSuites":8,"numFailedTests":54,"numPassedTestSuites":4,"numPassedTests":23,"numPendingTestSuites":0,"numPendingTests":0,"numRuntimeErrorTestSuites":1,"numTodoTests":0,"numTotalTestSuites":12,"numTotalTests":77,"openHandles":[],"snapshot":{"added":0,"didUpdate":false,"failure":false,"filesAdded":0,"filesRemoved":0,"filesRemovedList":[],"filesUnmatched":0,"filesUpdated":0,"matched":0,"total":0,"unchecked":0,"uncheckedKeysByFile":[],"unmatched":0,"updated":0},"startTime":1767980379876,"success":false,"testResults":[{"assertionResults":[{"ancestorTitles":["Gestion des dispositifs E2E"],"duration":3080,"failureDetails":[{"name":"TestingLibraryElementError"}],"failureMessages":["Error: Unable to find an element with the text: OTT-001. This could be because the text is broken up by multiple elements. In this case, you can provide a function for your text matcher to make your matcher more flexible.\n\nIgnored nodes: comments, script, style\n\u001b[36m<body>\u001b[39m\n  \u001b[36m<div>\u001b[39m\n    \u001b[36m<div\u001b[39m\n      \u001b[33mclass\u001b[39m=\u001b[32m\"space-y-6 animate-fade-in\"\u001b[39m\n    \u001b[36m>\u001b[39m\n      \u001b[36m<div\u001b[39m\n        \u001b[33mclass\u001b[39m=\u001b[32m\"animate-slide-up\"\u001b[39m\n      \u001b[36m>\u001b[39m\n        \u001b[36m<h1\u001b[39m\n          \u001b[33mclass\u001b[39m=\u001b[32m\"text-3xl font-bold text-primary mb-2\"\u001b[39m\n        \u001b[36m>\u001b[39m\n          \u001b[0mVue d'Ensemble\u001b[0m\n        \u001b[36m</h1>\u001b[39m\n        \u001b[36m<p\u001b[39m\n          \u001b[33mclass\u001b[39m=\u001b[32m\"text-muted\"\u001b[39m\n        \u001b[36m>\u001b[39m\n          \u001b[0mTableau de bord en temps réel des dispositifs OTT\u001b[0m\n        \u001b[36m</p>\u001b[39m\n      \u001b[36m</div>\u001b[39m\n      \u001b[36m<div\u001b[39m\n        \u001b[33mclass\u001b[39m=\u001b[32m\"card p-0 overflow-hidden\"\u001b[39m\n        \u001b[33mid\u001b[39m=\u001b[32m\"map-container\"\u001b[39m\n      \u001b[36m>\u001b[39m\n        \u001b[36m<div\u001b[39m\n          \u001b[33mclass\u001b[39m=\u001b[32m\"p-4 border-b border-gray-200 dark:border-gray-700\"\u001b[39m\n        \u001b[36m>\u001b[39m\n          \u001b[36m<h2\u001b[39m\n            \u001b[33mclass\u001b[39m=\u001b[32m\"text-lg font-semibold text-gray-900 dark:text-gray-100\"\u001b[39m\n          \u001b[36m>\u001b[39m\n            \u001b[0m🗺️ Carte des Dispositifs\u001b[0m\n          \u001b[36m</h2>\u001b[39m\n          \u001b[36m<p\u001b[39m\n            \u001b[33mclass\u001b[39m=\u001b[32m\"text-sm text-gray-600 dark:text-gray-400 mt-1\"\u001b[39m\n          \u001b[36m>\u001b[39m\n            \u001b[0mAucun dispositif actif\u001b[0m\n          \u001b[36m</p>\u001b[39m\n        \u001b[36m</div>\u001b[39m\n        \u001b[36m<div\u001b[39m\n          \u001b[33mstyle\u001b[39m=\u001b[32m\"height: 400px; width: 100%; position: relative; z-index: 1;\"\u001b[39m\n        \u001b[36m/>\u001b[39m\n      \u001b[36m</div>\u001b[39m\n      \u001b[36m<div\u001b[39m\n        \u001b[33mclass\u001b[39m=\u001b[32m\"grid grid-cols-2 md:grid-cols-4 lg:grid-cols-5 gap-3\"\u001b[39m\n      \u001b[36m>\u001b[39m\n        \u001b[36m<div\u001b[39m\n          \u001b[33mclass\u001b[39m=\u001b[32m\"bg-white dark:bg-[rgb(var(--night-surface))] rounded-lg shadow-sm border border-gray-200 dark:border-gray-700 animate-slide-up overflow-hidden\"\u001b[39m\n        \u001b[36m>\u001b[39m\n          \u001b[36m<button\u001b[39m\n            \u001b[33mclass\u001b[39m=\u001b[32m\"w-full p-3 flex items-center justify-between hover:bg-gray-50 dark:hover:bg-gray-800 transition-colors\"\u001b[39m\n          \u001b[36m>\u001b[39m\n            \u001b[36m<div>\u001b[39m\n              \u001b[36m<p\u001b[39m\n                \u001b[33mclass\u001b[39m=\u001b[32m\"text-xs text-gray-600 dark:text-gray-400\"\u001b[39m\n              \u001b[36m>\u001b[39m\n                \u001b[0mDispositifs\u001b[0m\n              \u001b[36m</p>\u001b[39m\n              \u001b[36m<p\u001b[39m\n                \u001b[33mclass\u001b[39m=\u001b[32m\"text-2xl font-bold text-primary-600 dark:text-primary-400\"\u001b[39m\n              \u001b[36m>\u001b[39m\n                \u001b[0m0\u001b[0m\n              \u001b[36m</p>\u001b[39m\n            \u001b[36m</div>\u001b[39m\n            \u001b[36m<div\u001b[39m\n              \u001b[33mclass\u001b[39m=\u001b[32m\"flex items-center gap-2\"\u001b[39m\n            \u001b[36m>\u001b[39m\n              \u001b[36m<span\u001b[39m\n                \u001b[33mclass\u001b[39m=\u001b[32m\"text-3xl\"\u001b[39m\n              \u001b[36m>\u001b[39m\n                \u001b[0m🔌\u001b[0m\n              \u001b[36m</span>\u001b[39m\n              \u001b[36m<span\u001b[39m\n                \u001b[33mclass\u001b[39m=\u001b[32m\"text-lg\"\u001b[39m\n              \u001b[36m>\u001b[39m\n                \u001b[0m▶\u001b[0m\n              \u001b[36m</span>\u001b[39m\n            \u001b[36m</div>\u001b[39m\n          \u001b[36m</button>\u001b[39m\n        \u001b[36m</div>\u001b[39m\n        \u001b[36m<div\u001b[39m\n          \u001b[33mclass\u001b[39m=\u001b[32m\"bg-white dark:bg-[rgb(var(--night-surface))] rounded-lg shadow-sm border border-gray-200 dark:border-gray-700 animate-slide-up overflow-hidden\"\u001b[39m\n          \u001b[33mstyle\u001b[39m=\u001b[32m\"animation-delay: 0.1s;\"\u001b[39m\n        \u001b[36m>\u001b[39m\n          \u001b[36m<button\u001b[39m\n            \u001b[33mclass\u001b[39m=\u001b[32m\"w-full p-3 flex items-center justify-between hover:bg-gray-50 dark:hover:bg-gray-800 transition-colors\"\u001b[39m\n          \u001b[36m>\u001b[39m\n            \u001b[36m<div>\u001b[39m\n              \u001b[36m<p\u001b[39m\n                \u001b[33mclass\u001b[39m=\u001b[32m\"text-xs text-gray-600 dark:text-gray-400\"\u001b[39m\n              \u001b[36m>\u001b[39m\n                \u001b[0mEn Ligne\u001b[0m\n              \u001b[36m</p>\u001b[39m\n              \u001b[36m<p\u001b[39m\n                \u001b[33mclass\u001b[39m=\u001b[32m\"text-2xl font-bold text-green-600 dark:text-green-400\"\u001b[39m\n              \u001b[36m>\u001b[39m\n                \u001b[0m0\u001b[0m\n              \u001b[36m</p>\u001b[39m\n            \u001b[36m</div>\u001b[39m\n            \u001b[36m<div\u001b[39m\n              \u001b[33mclass\u001b[39m=\u001b[32m\"flex items-center gap-2\"\u001b[39m\n            \u001b[36m>\u001b[39m\n              \u001b[36m<span\u001b[39m\n                \u001b[33mclass\u001b[39m=\u001b[32m\"text-3xl\"\u001b[39m\n              \u001b[36m>\u001b[39m\n                \u001b[0m🟢\u001b[0m\n              \u001b[36m</span>\u001b[39m\n              \u001b[36m<span\u001b[39m\n                \u001b[33mclass\u001b[39m=\u001b[32m\"text-lg\"\u001b[39m\n              \u001b[36m>\u001b[39m\n                \u001b[0m▶\u001b[0m\n              \u001b[36m</span>\u001b[39m\n            \u001b[36m</div>\u001b[39m\n          \u001b[36m</button>\u001b[39m\n        \u001b[36m</div>\u001b[39m\n        \u001b[36m<div\u001b[39m\n          \u001b[33mclass\u001b[39m=\u001b[32m\"bg-white dark:bg-[rgb(var(--night-surface))] rounded-lg shadow-sm border border-gray-200 dark:border-gray-700 animate-slide-up overflow-hidden\"\u001b[39m\n          \u001b[33mstyle\u001b[39m=\u001b[32m\"animation-delay: 0.2s;\"\u001b[39m\n        \u001b[36m>\u001b[39m\n          \u001b[36m<button\u001b[39m\n            \u001b[33mclass\u001b[39m=\u001b[32m\"w-full p-3 flex items-center justify-between hover:bg-gray-50 dark:hover:bg-gray-800 transition-colors\"\u001b[39m\n          \u001b[36m>\u001b[39m\n            \u001b[36m<div>\u001b[39m\n              \u001b[36m<p\u001b[39m\n                \u001b[33mclass\u001b[39m=\u001b[32m\"text-xs text-gray-600 dark:text-gray-400\"\u001b[39m\n              \u001b[36m>\u001b[39m\n                \u001b[0mAlertes\u001b[0m\n              \u001b[36m</p>\u001b[39m\n              \u001b[36m<p\u001b[39m\n                \u001b[33mclass\u001b[39m=\u001b[32m\"text-2xl font-bold text-red-600 dark:text-red-400\"\u001b[39m\n              \u001b[36m>\u001b[39m\n                \u001b[0m0\u001b[0m\n              \u001b[36m</p>\u001b[39m\n            \u001b[36m</div>\u001b[39m\n            \u001b[36m<div\u001b[39m\n              \u001b[33mclass\u001b[39m=\u001b[32m\"flex items-center gap-2\"\u001b[39m\n            \u001b[36m>\u001b[39m\n              \u001b[36m<span\u001b[39m\n                \u001b[33mclass\u001b[39m=\u001b[32m\"text-3xl\"\u001b[39m\n              \u001b[36m>\u001b[39m\n                \u001b[0m⚠️\u001b[0m\n              \u001b[36m</span>\u001b[39m\n              \u001b[36m<span\u001b[39m\n                \u001b[33mclass\u001b[39m=\u001b[32m\"text-lg\"\u001b[39m\n              \u001b[36m>\u001b[39m\n                \u001b[0m▶\u001b[0m\n              \u001b[36m</span>\u001b[39m\n            \u001b[36m</div>\u001b[39m\n          \u001b[36m</button>\u001b[39m\n        \u001b[36m</div>\u001b[39m\n        \u001b[36m<div\u001b[39m\n          \u001b[33mclass\u001b[39m=\u001b[32m\"bg-white dark:bg-[rgb(var(--night-surface))] rounded-lg shadow-sm border border-gray-200 dark:border-gray-700 animate-slide-up overflow-hidden\"\u001b[39m\n          \u001b[33mstyle\u001b[39m=\u001b[32m\"animation-delay: 0.3s;\"\u001b[39m\n        \u001b[36m>\u001b[39m\n          \u001b[36m<button\u001b[39m\n            \u001b[33mclass\u001b[39m=\u001b[32m\"w-full p-3 flex items-center justify-between hover:bg-gray-50 dark:hover:bg-gray-800 transition-colors\"\u001b[39m\n          \u001b[36m>\u001b[39m\n            \u001b[36m<div>\u001b[39m\n              \u001b[36m<p\u001b[39m\n                \u001b[33mclass\u001b[39m=\u001b[32m\"text-xs text-gray-600 dark:text-gray-400\"\u001b[39m\n              \u001b[36m>\u001b[39m\n                \u001b[0mBatterie\u001b[0m\n              \u001b[36m</p>\u001b[39m\n              \u001b[36m<p\u001b[39m\n                \u001b[33mclass\u001b[39m=\u001b[32m\"text-2xl font-bold text-green-600 dark:text-green-400\"\u001b[39m\n              \u001b[36m>\u001b[39m\n                \u001b[0m0\u001b[0m\n              \u001b[36m</p>\u001b[39m\n            \u001b[36m</div>\u001b[39m\n            \u001b[36m<div\u001b[39m\n              \u001b[33mclass\u001b[39m=\u001b[32m\"flex items-center gap-2\"\u001b[39m\n            \u001b[36m>\u001b[39m\n              \u001b[36m<span\u001b[39m\n                \u001b[33mclass\u001b[39m=\u001b[32m\"text-3xl\"\u001b[39m\n              \u001b[36m>\u001b[39m\n                \u001b[0m🔋\u001b[0m\n              \u001b[36m</span>\u001b[39m\n              \u001b[36m<span\u001b[39m\n                \u001b[33mclass\u001b[39m=\u001b[32m\"text-lg\"\u001b[39m\n              \u001b[36m>\u001b[39m\n                \u001b[0m▶\u001b[0m\n              \u001b[36m</span>\u001b[39m\n            \u001b[36m</div>\u001b[39m\n          \u001b[36m</button>\u001b[39m\n        \u001b[36m</div>\u001b[39m\n      \u001b[36m</div>\u001b[39m\n    \u001b[36m</div>\u001b[39m\n  \u001b[36m</div>\u001b[39m\n\u001b[36m</body>\u001b[39m\n    at waitForWrapper (D:\\Windsurf\\OTT\\node_modules\\@testing-library\\dom\\dist\\wait-for.js:166:27)\n    at Object.<anonymous> (D:\\Windsurf\\OTT\\__tests__\\integration\\devices.test.js:104:18)\n    at Promise.then.completed (D:\\Windsurf\\OTT\\node_modules\\jest-circus\\build\\utils.js:298:28)\n    at new Promise (<anonymous>)\n    at callAsyncCircusFn (D:\\Windsurf\\OTT\\node_modules\\jest-circus\\build\\utils.js:231:10)\n    at _callCircusTest (D:\\Windsurf\\OTT\\node_modules\\jest-circus\\build\\run.js:316:40)\n    at _runTest (D:\\Windsurf\\OTT\\node_modules\\jest-circus\\build\\run.js:252:3)\n    at _runTestsForDescribeBlock (D:\\Windsurf\\OTT\\node_modules\\jest-circus\\build\\run.js:126:9)\n    at _runTestsForDescribeBlock (D:\\Windsurf\\OTT\\node_modules\\jest-circus\\build\\run.js:121:9)\n    at run (D:\\Windsurf\\OTT\\node_modules\\jest-circus\\build\\run.js:71:3)\n    at runAndTransformResultsToJestFormat (D:\\Windsurf\\OTT\\node_modules\\jest-circus\\build\\legacy-code-todo-rewrite\\jestAdapterInit.js:122:21)\n    at jestAdapter (D:\\Windsurf\\OTT\\node_modules\\jest-circus\\build\\legacy-code-todo-rewrite\\jestAdapter.js:79:19)\n    at runTestInternal (D:\\Windsurf\\OTT\\node_modules\\jest-runner\\build\\runTest.js:367:16)\n    at runTest (D:\\Windsurf\\OTT\\node_modules\\jest-runner\\build\\runTest.js:444:34)"],"fullName":"Gestion des dispositifs E2E devrait afficher la liste des dispositifs","invocations":1,"location":null,"numPassingAsserts":0,"retryReasons":[],"status":"failed","title":"devrait afficher la liste des dispositifs"},{"ancestorTitles":["Gestion des dispositifs E2E"],"duration":19,"failureDetails":[],"failureMessages":[],"fullName":"Gestion des dispositifs E2E devrait afficher un message si aucun dispositif","invocations":1,"location":null,"numPassingAsserts":1,"retryReasons":[],"status":"passed","title":"devrait afficher un message si aucun dispositif"},{"ancestorTitles":["Gestion des dispositifs E2E"],"duration":3026,"failureDetails":[{"name":"TestingLibraryElementError"}],"failureMessages":["Error: Unable to find an element with the text: /erreur/i. This could be because the text is broken up by multiple elements. In this case, you can provide a function for your text matcher to make your matcher more flexible.\n\nIgnored nodes: comments, script, style\n\u001b[36m<body>\u001b[39m\n  \u001b[36m<div>\u001b[39m\n    \u001b[36m<div\u001b[39m\n      \u001b[33mclass\u001b[39m=\u001b[32m\"space-y-6 animate-fade-in\"\u001b[39m\n    \u001b[36m>\u001b[39m\n      \u001b[36m<div\u001b[39m\n        \u001b[33mclass\u001b[39m=\u001b[32m\"animate-slide-up\"\u001b[39m\n      \u001b[36m>\u001b[39m\n        \u001b[36m<h1\u001b[39m\n          \u001b[33mclass\u001b[39m=\u001b[32m\"text-3xl font-bold text-primary mb-2\"\u001b[39m\n        \u001b[36m>\u001b[39m\n          \u001b[0mVue d'Ensemble\u001b[0m\n        \u001b[36m</h1>\u001b[39m\n        \u001b[36m<p\u001b[39m\n          \u001b[33mclass\u001b[39m=\u001b[32m\"text-muted\"\u001b[39m\n        \u001b[36m>\u001b[39m\n          \u001b[0mTableau de bord en temps réel des dispositifs OTT\u001b[0m\n        \u001b[36m</p>\u001b[39m\n      \u001b[36m</div>\u001b[39m\n      \u001b[36m<div\u001b[39m\n        \u001b[33mclass\u001b[39m=\u001b[32m\"card p-0 overflow-hidden\"\u001b[39m\n        \u001b[33mid\u001b[39m=\u001b[32m\"map-container\"\u001b[39m\n      \u001b[36m>\u001b[39m\n        \u001b[36m<div\u001b[39m\n          \u001b[33mclass\u001b[39m=\u001b[32m\"p-4 border-b border-gray-200 dark:border-gray-700\"\u001b[39m\n        \u001b[36m>\u001b[39m\n          \u001b[36m<h2\u001b[39m\n            \u001b[33mclass\u001b[39m=\u001b[32m\"text-lg font-semibold text-gray-900 dark:text-gray-100\"\u001b[39m\n          \u001b[36m>\u001b[39m\n            \u001b[0m🗺️ Carte des Dispositifs\u001b[0m\n          \u001b[36m</h2>\u001b[39m\n          \u001b[36m<p\u001b[39m\n            \u001b[33mclass\u001b[39m=\u001b[32m\"text-sm text-gray-600 dark:text-gray-400 mt-1\"\u001b[39m\n          \u001b[36m>\u001b[39m\n            \u001b[0mAucun dispositif actif\u001b[0m\n          \u001b[36m</p>\u001b[39m\n        \u001b[36m</div>\u001b[39m\n        \u001b[36m<div\u001b[39m\n          \u001b[33mstyle\u001b[39m=\u001b[32m\"height: 400px; width: 100%; position: relative; z-index: 1;\"\u001b[39m\n        \u001b[36m/>\u001b[39m\n      \u001b[36m</div>\u001b[39m\n      \u001b[36m<div\u001b[39m\n        \u001b[33mclass\u001b[39m=\u001b[32m\"grid grid-cols-2 md:grid-cols-4 lg:grid-cols-5 gap-3\"\u001b[39m\n      \u001b[36m>\u001b[39m\n        \u001b[36m<div\u001b[39m\n          \u001b[33mclass\u001b[39m=\u001b[32m\"bg-white dark:bg-[rgb(var(--night-surface))] rounded-lg shadow-sm border border-gray-200 dark:border-gray-700 animate-slide-up overflow-hidden\"\u001b[39m\n        \u001b[36m>\u001b[39m\n          \u001b[36m<button\u001b[39m\n            \u001b[33mclass\u001b[39m=\u001b[32m\"w-full p-3 flex items-center justify-between hover:bg-gray-50 dark:hover:bg-gray-800 transition-colors\"\u001b[39m\n          \u001b[36m>\u001b[39m\n            \u001b[36m<div>\u001b[39m\n              \u001b[36m<p\u001b[39m\n                \u001b[33mclass\u001b[39m=\u001b[32m\"text-xs text-gray-600 dark:text-gray-400\"\u001b[39m\n              \u001b[36m>\u001b[39m\n                \u001b[0mDispositifs\u001b[0m\n              \u001b[36m</p>\u001b[39m\n              \u001b[36m<p\u001b[39m\n                \u001b[33mclass\u001b[39m=\u001b[32m\"text-2xl font-bold text-primary-600 dark:text-primary-400\"\u001b[39m\n              \u001b[36m>\u001b[39m\n                \u001b[0m0\u001b[0m\n              \u001b[36m</p>\u001b[39m\n            \u001b[36m</div>\u001b[39m\n            \u001b[36m<div\u001b[39m\n              \u001b[33mclass\u001b[39m=\u001b[32m\"flex items-center gap-2\"\u001b[39m\n            \u001b[36m>\u001b[39m\n              \u001b[36m<span\u001b[39m\n                \u001b[33mclass\u001b[39m=\u001b[32m\"text-3xl\"\u001b[39m\n              \u001b[36m>\u001b[39m\n                \u001b[0m🔌\u001b[0m\n              \u001b[36m</span>\u001b[39m\n              \u001b[36m<span\u001b[39m\n                \u001b[33mclass\u001b[39m=\u001b[32m\"text-lg\"\u001b[39m\n              \u001b[36m>\u001b[39m\n                \u001b[0m▶\u001b[0m\n              \u001b[36m</span>\u001b[39m\n            \u001b[36m</div>\u001b[39m\n          \u001b[36m</button>\u001b[39m\n        \u001b[36m</div>\u001b[39m\n        \u001b[36m<div\u001b[39m\n          \u001b[33mclass\u001b[39m=\u001b[32m\"bg-white dark:bg-[rgb(var(--night-surface))] rounded-lg shadow-sm border border-gray-200 dark:border-gray-700 animate-slide-up overflow-hidden\"\u001b[39m\n          \u001b[33mstyle\u001b[39m=\u001b[32m\"animation-delay: 0.1s;\"\u001b[39m\n        \u001b[36m>\u001b[39m\n          \u001b[36m<button\u001b[39m\n            \u001b[33mclass\u001b[39m=\u001b[32m\"w-full p-3 flex items-center justify-between hover:bg-gray-50 dark:hover:bg-gray-800 transition-colors\"\u001b[39m\n          \u001b[36m>\u001b[39m\n            \u001b[36m<div>\u001b[39m\n              \u001b[36m<p\u001b[39m\n                \u001b[33mclass\u001b[39m=\u001b[32m\"text-xs text-gray-600 dark:text-gray-400\"\u001b[39m\n              \u001b[36m>\u001b[39m\n                \u001b[0mEn Ligne\u001b[0m\n              \u001b[36m</p>\u001b[39m\n              \u001b[36m<p\u001b[39m\n                \u001b[33mclass\u001b[39m=\u001b[32m\"text-2xl font-bold text-green-600 dark:text-green-400\"\u001b[39m\n              \u001b[36m>\u001b[39m\n                \u001b[0m0\u001b[0m\n              \u001b[36m</p>\u001b[39m\n            \u001b[36m</div>\u001b[39m\n            \u001b[36m<div\u001b[39m\n              \u001b[33mclass\u001b[39m=\u001b[32m\"flex items-center gap-2\"\u001b[39m\n            \u001b[36m>\u001b[39m\n              \u001b[36m<span\u001b[39m\n                \u001b[33mclass\u001b[39m=\u001b[32m\"text-3xl\"\u001b[39m\n              \u001b[36m>\u001b[39m\n                \u001b[0m🟢\u001b[0m\n              \u001b[36m</span>\u001b[39m\n              \u001b[36m<span\u001b[39m\n                \u001b[33mclass\u001b[39m=\u001b[32m\"text-lg\"\u001b[39m\n              \u001b[36m>\u001b[39m\n                \u001b[0m▶\u001b[0m\n              \u001b[36m</span>\u001b[39m\n            \u001b[36m</div>\u001b[39m\n          \u001b[36m</button>\u001b[39m\n        \u001b[36m</div>\u001b[39m\n        \u001b[36m<div\u001b[39m\n          \u001b[33mclass\u001b[39m=\u001b[32m\"bg-white dark:bg-[rgb(var(--night-surface))] rounded-lg shadow-sm border border-gray-200 dark:border-gray-700 animate-slide-up overflow-hidden\"\u001b[39m\n          \u001b[33mstyle\u001b[39m=\u001b[32m\"animation-delay: 0.2s;\"\u001b[39m\n        \u001b[36m>\u001b[39m\n          \u001b[36m<button\u001b[39m\n            \u001b[33mclass\u001b[39m=\u001b[32m\"w-full p-3 flex items-center justify-between hover:bg-gray-50 dark:hover:bg-gray-800 transition-colors\"\u001b[39m\n          \u001b[36m>\u001b[39m\n            \u001b[36m<div>\u001b[39m\n              \u001b[36m<p\u001b[39m\n                \u001b[33mclass\u001b[39m=\u001b[32m\"text-xs text-gray-600 dark:text-gray-400\"\u001b[39m\n              \u001b[36m>\u001b[39m\n                \u001b[0mAlertes\u001b[0m\n              \u001b[36m</p>\u001b[39m\n              \u001b[36m<p\u001b[39m\n                \u001b[33mclass\u001b[39m=\u001b[32m\"text-2xl font-bold text-red-600 dark:text-red-400\"\u001b[39m\n              \u001b[36m>\u001b[39m\n                \u001b[0m0\u001b[0m\n              \u001b[36m</p>\u001b[39m\n            \u001b[36m</div>\u001b[39m\n            \u001b[36m<div\u001b[39m\n              \u001b[33mclass\u001b[39m=\u001b[32m\"flex items-center gap-2\"\u001b[39m\n            \u001b[36m>\u001b[39m\n              \u001b[36m<span\u001b[39m\n                \u001b[33mclass\u001b[39m=\u001b[32m\"text-3xl\"\u001b[39m\n              \u001b[36m>\u001b[39m\n                \u001b[0m⚠️\u001b[0m\n              \u001b[36m</span>\u001b[39m\n              \u001b[36m<span\u001b[39m\n                \u001b[33mclass\u001b[39m=\u001b[32m\"text-lg\"\u001b[39m\n              \u001b[36m>\u001b[39m\n                \u001b[0m▶\u001b[0m\n              \u001b[36m</span>\u001b[39m\n            \u001b[36m</div>\u001b[39m\n          \u001b[36m</button>\u001b[39m\n        \u001b[36m</div>\u001b[39m\n        \u001b[36m<div\u001b[39m\n          \u001b[33mclass\u001b[39m=\u001b[32m\"bg-white dark:bg-[rgb(var(--night-surface))] rounded-lg shadow-sm border border-gray-200 dark:border-gray-700 animate-slide-up overflow-hidden\"\u001b[39m\n          \u001b[33mstyle\u001b[39m=\u001b[32m\"animation-delay: 0.3s;\"\u001b[39m\n        \u001b[36m>\u001b[39m\n          \u001b[36m<button\u001b[39m\n            \u001b[33mclass\u001b[39m=\u001b[32m\"w-full p-3 flex items-center justify-between hover:bg-gray-50 dark:hover:bg-gray-800 transition-colors\"\u001b[39m\n          \u001b[36m>\u001b[39m\n            \u001b[36m<div>\u001b[39m\n              \u001b[36m<p\u001b[39m\n                \u001b[33mclass\u001b[39m=\u001b[32m\"text-xs text-gray-600 dark:text-gray-400\"\u001b[39m\n              \u001b[36m>\u001b[39m\n                \u001b[0mBatterie\u001b[0m\n              \u001b[36m</p>\u001b[39m\n              \u001b[36m<p\u001b[39m\n                \u001b[33mclass\u001b[39m=\u001b[32m\"text-2xl font-bold text-green-600 dark:text-green-400\"\u001b[39m\n              \u001b[36m>\u001b[39m\n                \u001b[0m0\u001b[0m\n              \u001b[36m</p>\u001b[39m\n            \u001b[36m</div>\u001b[39m\n            \u001b[36m<div\u001b[39m\n              \u001b[33mclass\u001b[39m=\u001b[32m\"flex items-center gap-2\"\u001b[39m\n            \u001b[36m>\u001b[39m\n              \u001b[36m<span\u001b[39m\n                \u001b[33mclass\u001b[39m=\u001b[32m\"text-3xl\"\u001b[39m\n              \u001b[36m>\u001b[39m\n                \u001b[0m🔋\u001b[0m\n              \u001b[36m</span>\u001b[39m\n              \u001b[36m<span\u001b[39m\n                \u001b[33mclass\u001b[39m=\u001b[32m\"text-lg\"\u001b[39m\n              \u001b[36m>\u001b[39m\n                \u001b[0m▶\u001b[0m\n              \u001b[36m</span>\u001b[39m\n            \u001b[36m</div>\u001b[39m\n          \u001b[36m</button>\u001b[39m\n        \u001b[36m</div>\u001b[39m\n      \u001b[36m</div>\u001b[39m\n    \u001b[36m</div>\u001b[39m\n  \u001b[36m</div>\u001b[39m\n\u001b[36m</body>\u001b[39m\n    at waitForWrapper (D:\\Windsurf\\OTT\\node_modules\\@testing-library\\dom\\dist\\wait-for.js:166:27)\n    at Object.<anonymous> (D:\\Windsurf\\OTT\\__tests__\\integration\\devices.test.js:147:18)\n    at Promise.then.completed (D:\\Windsurf\\OTT\\node_modules\\jest-circus\\build\\utils.js:298:28)\n    at new Promise (<anonymous>)\n    at callAsyncCircusFn (D:\\Windsurf\\OTT\\node_modules\\jest-circus\\build\\utils.js:231:10)\n    at _callCircusTest (D:\\Windsurf\\OTT\\node_modules\\jest-circus\\build\\run.js:316:40)\n    at _runTest (D:\\Windsurf\\OTT\\node_modules\\jest-circus\\build\\run.js:252:3)\n    at _runTestsForDescribeBlock (D:\\Windsurf\\OTT\\node_modules\\jest-circus\\build\\run.js:126:9)\n    at _runTestsForDescribeBlock (D:\\Windsurf\\OTT\\node_modules\\jest-circus\\build\\run.js:121:9)\n    at run (D:\\Windsurf\\OTT\\node_modules\\jest-circus\\build\\run.js:71:3)\n    at runAndTransformResultsToJestFormat (D:\\Windsurf\\OTT\\node_modules\\jest-circus\\build\\legacy-code-todo-rewrite\\jestAdapterInit.js:122:21)\n    at jestAdapter (D:\\Windsurf\\OTT\\node_modules\\jest-circus\\build\\legacy-code-todo-rewrite\\jestAdapter.js:79:19)\n    at runTestInternal (D:\\Windsurf\\OTT\\node_modules\\jest-runner\\build\\runTest.js:367:16)\n    at runTest (D:\\Windsurf\\OTT\\node_modules\\jest-runner\\build\\runTest.js:444:34)"],"fullName":"Gestion des dispositifs E2E devrait gérer les erreurs de chargement","invocations":1,"location":null,"numPassingAsserts":0,"retryReasons":[],"status":"failed","title":"devrait gérer les erreurs de chargement"},{"ancestorTitles":["Gestion des dispositifs E2E"],"duration":3016,"failureDetails":[{"name":"TestingLibraryElementError"}],"failureMessages":["Error: Unable to find an element with the text: /15%/i. This could be because the text is broken up by multiple elements. In this case, you can provide a function for your text matcher to make your matcher more flexible.\n\nIgnored nodes: comments, script, style\n\u001b[36m<body>\u001b[39m\n  \u001b[36m<div>\u001b[39m\n    \u001b[36m<div\u001b[39m\n      \u001b[33mclass\u001b[39m=\u001b[32m\"space-y-6 animate-fade-in\"\u001b[39m\n    \u001b[36m>\u001b[39m\n      \u001b[36m<div\u001b[39m\n        \u001b[33mclass\u001b[39m=\u001b[32m\"animate-slide-up\"\u001b[39m\n      \u001b[36m>\u001b[39m\n        \u001b[36m<h1\u001b[39m\n          \u001b[33mclass\u001b[39m=\u001b[32m\"text-3xl font-bold text-primary mb-2\"\u001b[39m\n        \u001b[36m>\u001b[39m\n          \u001b[0mVue d'Ensemble\u001b[0m\n        \u001b[36m</h1>\u001b[39m\n        \u001b[36m<p\u001b[39m\n          \u001b[33mclass\u001b[39m=\u001b[32m\"text-muted\"\u001b[39m\n        \u001b[36m>\u001b[39m\n          \u001b[0mTableau de bord en temps réel des dispositifs OTT\u001b[0m\n        \u001b[36m</p>\u001b[39m\n      \u001b[36m</div>\u001b[39m\n      \u001b[36m<div\u001b[39m\n        \u001b[33mclass\u001b[39m=\u001b[32m\"card p-0 overflow-hidden\"\u001b[39m\n        \u001b[33mid\u001b[39m=\u001b[32m\"map-container\"\u001b[39m\n      \u001b[36m>\u001b[39m\n        \u001b[36m<div\u001b[39m\n          \u001b[33mclass\u001b[39m=\u001b[32m\"p-4 border-b border-gray-200 dark:border-gray-700\"\u001b[39m\n        \u001b[36m>\u001b[39m\n          \u001b[36m<h2\u001b[39m\n            \u001b[33mclass\u001b[39m=\u001b[32m\"text-lg font-semibold text-gray-900 dark:text-gray-100\"\u001b[39m\n          \u001b[36m>\u001b[39m\n            \u001b[0m🗺️ Carte des Dispositifs\u001b[0m\n          \u001b[36m</h2>\u001b[39m\n          \u001b[36m<p\u001b[39m\n            \u001b[33mclass\u001b[39m=\u001b[32m\"text-sm text-gray-600 dark:text-gray-400 mt-1\"\u001b[39m\n          \u001b[36m>\u001b[39m\n            \u001b[0mAucun dispositif actif\u001b[0m\n          \u001b[36m</p>\u001b[39m\n        \u001b[36m</div>\u001b[39m\n        \u001b[36m<div\u001b[39m\n          \u001b[33mstyle\u001b[39m=\u001b[32m\"height: 400px; width: 100%; position: relative; z-index: 1;\"\u001b[39m\n        \u001b[36m/>\u001b[39m\n      \u001b[36m</div>\u001b[39m\n      \u001b[36m<div\u001b[39m\n        \u001b[33mclass\u001b[39m=\u001b[32m\"grid grid-cols-2 md:grid-cols-4 lg:grid-cols-5 gap-3\"\u001b[39m\n      \u001b[36m>\u001b[39m\n        \u001b[36m<div\u001b[39m\n          \u001b[33mclass\u001b[39m=\u001b[32m\"bg-white dark:bg-[rgb(var(--night-surface))] rounded-lg shadow-sm border border-gray-200 dark:border-gray-700 animate-slide-up overflow-hidden\"\u001b[39m\n        \u001b[36m>\u001b[39m\n          \u001b[36m<button\u001b[39m\n            \u001b[33mclass\u001b[39m=\u001b[32m\"w-full p-3 flex items-center justify-between hover:bg-gray-50 dark:hover:bg-gray-800 transition-colors\"\u001b[39m\n          \u001b[36m>\u001b[39m\n            \u001b[36m<div>\u001b[39m\n              \u001b[36m<p\u001b[39m\n                \u001b[33mclass\u001b[39m=\u001b[32m\"text-xs text-gray-600 dark:text-gray-400\"\u001b[39m\n              \u001b[36m>\u001b[39m\n                \u001b[0mDispositifs\u001b[0m\n              \u001b[36m</p>\u001b[39m\n              \u001b[36m<p\u001b[39m\n                \u001b[33mclass\u001b[39m=\u001b[32m\"text-2xl font-bold text-primary-600 dark:text-primary-400\"\u001b[39m\n              \u001b[36m>\u001b[39m\n                \u001b[0m0\u001b[0m\n              \u001b[36m</p>\u001b[39m\n            \u001b[36m</div>\u001b[39m\n            \u001b[36m<div\u001b[39m\n              \u001b[33mclass\u001b[39m=\u001b[32m\"flex items-center gap-2\"\u001b[39m\n            \u001b[36m>\u001b[39m\n              \u001b[36m<span\u001b[39m\n                \u001b[33mclass\u001b[39m=\u001b[32m\"text-3xl\"\u001b[39m\n              \u001b[36m>\u001b[39m\n                \u001b[0m🔌\u001b[0m\n              \u001b[36m</span>\u001b[39m\n              \u001b[36m<span\u001b[39m\n                \u001b[33mclass\u001b[39m=\u001b[32m\"text-lg\"\u001b[39m\n              \u001b[36m>\u001b[39m\n                \u001b[0m▶\u001b[0m\n              \u001b[36m</span>\u001b[39m\n            \u001b[36m</div>\u001b[39m\n          \u001b[36m</button>\u001b[39m\n        \u001b[36m</div>\u001b[39m\n        \u001b[36m<div\u001b[39m\n          \u001b[33mclass\u001b[39m=\u001b[32m\"bg-white dark:bg-[rgb(var(--night-surface))] rounded-lg shadow-sm border border-gray-200 dark:border-gray-700 animate-slide-up overflow-hidden\"\u001b[39m\n          \u001b[33mstyle\u001b[39m=\u001b[32m\"animation-delay: 0.1s;\"\u001b[39m\n        \u001b[36m>\u001b[39m\n          \u001b[36m<button\u001b[39m\n            \u001b[33mclass\u001b[39m=\u001b[32m\"w-full p-3 flex items-center justify-between hover:bg-gray-50 dark:hover:bg-gray-800 transition-colors\"\u001b[39m\n          \u001b[36m>\u001b[39m\n            \u001b[36m<div>\u001b[39m\n              \u001b[36m<p\u001b[39m\n                \u001b[33mclass\u001b[39m=\u001b[32m\"text-xs text-gray-600 dark:text-gray-400\"\u001b[39m\n              \u001b[36m>\u001b[39m\n                \u001b[0mEn Ligne\u001b[0m\n              \u001b[36m</p>\u001b[39m\n              \u001b[36m<p\u001b[39m\n                \u001b[33mclass\u001b[39m=\u001b[32m\"text-2xl font-bold text-green-600 dark:text-green-400\"\u001b[39m\n              \u001b[36m>\u001b[39m\n                \u001b[0m0\u001b[0m\n              \u001b[36m</p>\u001b[39m\n            \u001b[36m</div>\u001b[39m\n            \u001b[36m<div\u001b[39m\n              \u001b[33mclass\u001b[39m=\u001b[32m\"flex items-center gap-2\"\u001b[39m\n            \u001b[36m>\u001b[39m\n              \u001b[36m<span\u001b[39m\n                \u001b[33mclass\u001b[39m=\u001b[32m\"text-3xl\"\u001b[39m\n              \u001b[36m>\u001b[39m\n                \u001b[0m🟢\u001b[0m\n              \u001b[36m</span>\u001b[39m\n              \u001b[36m<span\u001b[39m\n                \u001b[33mclass\u001b[39m=\u001b[32m\"text-lg\"\u001b[39m\n              \u001b[36m>\u001b[39m\n                \u001b[0m▶\u001b[0m\n              \u001b[36m</span>\u001b[39m\n            \u001b[36m</div>\u001b[39m\n          \u001b[36m</button>\u001b[39m\n        \u001b[36m</div>\u001b[39m\n        \u001b[36m<div\u001b[39m\n          \u001b[33mclass\u001b[39m=\u001b[32m\"bg-white dark:bg-[rgb(var(--night-surface))] rounded-lg shadow-sm border border-gray-200 dark:border-gray-700 animate-slide-up overflow-hidden\"\u001b[39m\n          \u001b[33mstyle\u001b[39m=\u001b[32m\"animation-delay: 0.2s;\"\u001b[39m\n        \u001b[36m>\u001b[39m\n          \u001b[36m<button\u001b[39m\n            \u001b[33mclass\u001b[39m=\u001b[32m\"w-full p-3 flex items-center justify-between hover:bg-gray-50 dark:hover:bg-gray-800 transition-colors\"\u001b[39m\n          \u001b[36m>\u001b[39m\n            \u001b[36m<div>\u001b[39m\n              \u001b[36m<p\u001b[39m\n                \u001b[33mclass\u001b[39m=\u001b[32m\"text-xs text-gray-600 dark:text-gray-400\"\u001b[39m\n              \u001b[36m>\u001b[39m\n                \u001b[0mAlertes\u001b[0m\n              \u001b[36m</p>\u001b[39m\n              \u001b[36m<p\u001b[39m\n                \u001b[33mclass\u001b[39m=\u001b[32m\"text-2xl font-bold text-red-600 dark:text-red-400\"\u001b[39m\n              \u001b[36m>\u001b[39m\n                \u001b[0m0\u001b[0m\n              \u001b[36m</p>\u001b[39m\n            \u001b[36m</div>\u001b[39m\n            \u001b[36m<div\u001b[39m\n              \u001b[33mclass\u001b[39m=\u001b[32m\"flex items-center gap-2\"\u001b[39m\n            \u001b[36m>\u001b[39m\n              \u001b[36m<span\u001b[39m\n                \u001b[33mclass\u001b[39m=\u001b[32m\"text-3xl\"\u001b[39m\n              \u001b[36m>\u001b[39m\n                \u001b[0m⚠️\u001b[0m\n              \u001b[36m</span>\u001b[39m\n              \u001b[36m<span\u001b[39m\n                \u001b[33mclass\u001b[39m=\u001b[32m\"text-lg\"\u001b[39m\n              \u001b[36m>\u001b[39m\n                \u001b[0m▶\u001b[0m\n              \u001b[36m</span>\u001b[39m\n            \u001b[36m</div>\u001b[39m\n          \u001b[36m</button>\u001b[39m\n        \u001b[36m</div>\u001b[39m\n        \u001b[36m<div\u001b[39m\n          \u001b[33mclass\u001b[39m=\u001b[32m\"bg-white dark:bg-[rgb(var(--night-surface))] rounded-lg shadow-sm border border-gray-200 dark:border-gray-700 animate-slide-up overflow-hidden\"\u001b[39m\n          \u001b[33mstyle\u001b[39m=\u001b[32m\"animation-delay: 0.3s;\"\u001b[39m\n        \u001b[36m>\u001b[39m\n          \u001b[36m<button\u001b[39m\n            \u001b[33mclass\u001b[39m=\u001b[32m\"w-full p-3 flex items-center justify-between hover:bg-gray-50 dark:hover:bg-gray-800 transition-colors\"\u001b[39m\n          \u001b[36m>\u001b[39m\n            \u001b[36m<div>\u001b[39m\n              \u001b[36m<p\u001b[39m\n                \u001b[33mclass\u001b[39m=\u001b[32m\"text-xs text-gray-600 dark:text-gray-400\"\u001b[39m\n              \u001b[36m>\u001b[39m\n                \u001b[0mBatterie\u001b[0m\n              \u001b[36m</p>\u001b[39m\n              \u001b[36m<p\u001b[39m\n                \u001b[33mclass\u001b[39m=\u001b[32m\"text-2xl font-bold text-green-600 dark:text-green-400\"\u001b[39m\n              \u001b[36m>\u001b[39m\n                \u001b[0m0\u001b[0m\n              \u001b[36m</p>\u001b[39m\n            \u001b[36m</div>\u001b[39m\n            \u001b[36m<div\u001b[39m\n              \u001b[33mclass\u001b[39m=\u001b[32m\"flex items-center gap-2\"\u001b[39m\n            \u001b[36m>\u001b[39m\n              \u001b[36m<span\u001b[39m\n                \u001b[33mclass\u001b[39m=\u001b[32m\"text-3xl\"\u001b[39m\n              \u001b[36m>\u001b[39m\n                \u001b[0m🔋\u001b[0m\n              \u001b[36m</span>\u001b[39m\n              \u001b[36m<span\u001b[39m\n                \u001b[33mclass\u001b[39m=\u001b[32m\"text-lg\"\u001b[39m\n              \u001b[36m>\u001b[39m\n                \u001b[0m▶\u001b[0m\n              \u001b[36m</span>\u001b[39m\n            \u001b[36m</div>\u001b[39m\n          \u001b[36m</button>\u001b[39m\n        \u001b[36m</div>\u001b[39m\n      \u001b[36m</div>\u001b[39m\n    \u001b[36m</div>\u001b[39m\n  \u001b[36m</div>\u001b[39m\n\u001b[36m</body>\u001b[39m\n    at waitForWrapper (D:\\Windsurf\\OTT\\node_modules\\@testing-library\\dom\\dist\\wait-for.js:166:27)\n    at Object.<anonymous> (D:\\Windsurf\\OTT\\__tests__\\integration\\devices.test.js:188:18)\n    at Promise.then.completed (D:\\Windsurf\\OTT\\node_modules\\jest-circus\\build\\utils.js:298:28)\n    at new Promise (<anonymous>)\n    at callAsyncCircusFn (D:\\Windsurf\\OTT\\node_modules\\jest-circus\\build\\utils.js:231:10)\n    at _callCircusTest (D:\\Windsurf\\OTT\\node_modules\\jest-circus\\build\\run.js:316:40)\n    at _runTest (D:\\Windsurf\\OTT\\node_modules\\jest-circus\\build\\run.js:252:3)\n    at _runTestsForDescribeBlock (D:\\Windsurf\\OTT\\node_modules\\jest-circus\\build\\run.js:126:9)\n    at _runTestsForDescribeBlock (D:\\Windsurf\\OTT\\node_modules\\jest-circus\\build\\run.js:121:9)\n    at run (D:\\Windsurf\\OTT\\node_modules\\jest-circus\\build\\run.js:71:3)\n    at runAndTransformResultsToJestFormat (D:\\Windsurf\\OTT\\node_modules\\jest-circus\\build\\legacy-code-todo-rewrite\\jestAdapterInit.js:122:21)\n    at jestAdapter (D:\\Windsurf\\OTT\\node_modules\\jest-circus\\build\\legacy-code-todo-rewrite\\jestAdapter.js:79:19)\n    at runTestInternal (D:\\Windsurf\\OTT\\node_modules\\jest-runner\\build\\runTest.js:367:16)\n    at runTest (D:\\Windsurf\\OTT\\node_modules\\jest-runner\\build\\runTest.js:444:34)"],"fullName":"Gestion des dispositifs E2E devrait filtrer les dispositifs avec batterie faible","invocations":1,"location":null,"numPassingAsserts":0,"retryReasons":[],"status":"failed","title":"devrait filtrer les dispositifs avec batterie faible"}],"endTime":1767980391508,"message":"\u001b[1m\u001b[31m  \u001b[1m● \u001b[22m\u001b[1mGestion des dispositifs E2E › devrait afficher la liste des dispositifs\u001b[39m\u001b[22m\n\n    Unable to find an element with the text: OTT-001. This could be because the text is broken up by multiple elements. In this case, you can provide a function for your text matcher to make your matcher more flexible.\n\n    Ignored nodes: comments, script, style\n    \u001b[36m<body>\u001b[39m\n      \u001b[36m<div>\u001b[39m\n        \u001b[36m<div\u001b[39m\n          \u001b[33mclass\u001b[39m=\u001b[32m\"space-y-6 animate-fade-in\"\u001b[39m\n        \u001b[36m>\u001b[39m\n          \u001b[36m<div\u001b[39m\n            \u001b[33mclass\u001b[39m=\u001b[32m\"animate-slide-up\"\u001b[39m\n          \u001b[36m>\u001b[39m\n            \u001b[36m<h1\u001b[39m\n              \u001b[33mclass\u001b[39m=\u001b[32m\"text-3xl font-bold text-primary mb-2\"\u001b[39m\n            \u001b[36m>\u001b[39m\n              \u001b[0mVue d'Ensemble\u001b[0m\n            \u001b[36m</h1>\u001b[39m\n            \u001b[36m<p\u001b[39m\n              \u001b[33mclass\u001b[39m=\u001b[32m\"text-muted\"\u001b[39m\n            \u001b[36m>\u001b[39m\n              \u001b[0mTableau de bord en temps réel des dispositifs OTT\u001b[0m\n            \u001b[36m</p>\u001b[39m\n          \u001b[36m</div>\u001b[39m\n          \u001b[36m<div\u001b[39m\n            \u001b[33mclass\u001b[39m=\u001b[32m\"card p-0 overflow-hidden\"\u001b[39m\n            \u001b[33mid\u001b[39m=\u001b[32m\"map-container\"\u001b[39m\n          \u001b[36m>\u001b[39m\n            \u001b[36m<div\u001b[39m\n              \u001b[33mclass\u001b[39m=\u001b[32m\"p-4 border-b border-gray-200 dark:border-gray-700\"\u001b[39m\n            \u001b[36m>\u001b[39m\n              \u001b[36m<h2\u001b[39m\n                \u001b[33mclass\u001b[39m=\u001b[32m\"text-lg font-semibold text-gray-900 dark:text-gray-100\"\u001b[39m\n              \u001b[36m>\u001b[39m\n                \u001b[0m🗺️ Carte des Dispositifs\u001b[0m\n              \u001b[36m</h2>\u001b[39m\n              \u001b[36m<p\u001b[39m\n                \u001b[33mclass\u001b[39m=\u001b[32m\"text-sm text-gray-600 dark:text-gray-400 mt-1\"\u001b[39m\n              \u001b[36m>\u001b[39m\n                \u001b[0mAucun dispositif actif\u001b[0m\n              \u001b[36m</p>\u001b[39m\n            \u001b[36m</div>\u001b[39m\n            \u001b[36m<div\u001b[39m\n              \u001b[33mstyle\u001b[39m=\u001b[32m\"height: 400px; width: 100%; position: relative; z-index: 1;\"\u001b[39m\n            \u001b[36m/>\u001b[39m\n          \u001b[36m</div>\u001b[39m\n          \u001b[36m<div\u001b[39m\n            \u001b[33mclass\u001b[39m=\u001b[32m\"grid grid-cols-2 md:grid-cols-4 lg:grid-cols-5 gap-3\"\u001b[39m\n          \u001b[36m>\u001b[39m\n            \u001b[36m<div\u001b[39m\n              \u001b[33mclass\u001b[39m=\u001b[32m\"bg-white dark:bg-[rgb(var(--night-surface))] rounded-lg shadow-sm border border-gray-200 dark:border-gray-700 animate-slide-up overflow-hidden\"\u001b[39m\n            \u001b[36m>\u001b[39m\n              \u001b[36m<button\u001b[39m\n                \u001b[33mclass\u001b[39m=\u001b[32m\"w-full p-3 flex items-center justify-between hover:bg-gray-50 dark:hover:bg-gray-800 transition-colors\"\u001b[39m\n              \u001b[36m>\u001b[39m\n                \u001b[36m<div>\u001b[39m\n                  \u001b[36m<p\u001b[39m\n                    \u001b[33mclass\u001b[39m=\u001b[32m\"text-xs text-gray-600 dark:text-gray-400\"\u001b[39m\n                  \u001b[36m>\u001b[39m\n                    \u001b[0mDispositifs\u001b[0m\n                  \u001b[36m</p>\u001b[39m\n                  \u001b[36m<p\u001b[39m\n                    \u001b[33mclass\u001b[39m=\u001b[32m\"text-2xl font-bold text-primary-600 dark:text-primary-400\"\u001b[39m\n                  \u001b[36m>\u001b[39m\n                    \u001b[0m0\u001b[0m\n                  \u001b[36m</p>\u001b[39m\n                \u001b[36m</div>\u001b[39m\n                \u001b[36m<div\u001b[39m\n                  \u001b[33mclass\u001b[39m=\u001b[32m\"flex items-center gap-2\"\u001b[39m\n                \u001b[36m>\u001b[39m\n                  \u001b[36m<span\u001b[39m\n                    \u001b[33mclass\u001b[39m=\u001b[32m\"text-3xl\"\u001b[39m\n                  \u001b[36m>\u001b[39m\n                    \u001b[0m🔌\u001b[0m\n                  \u001b[36m</span>\u001b[39m\n                  \u001b[36m<span\u001b[39m\n                    \u001b[33mclass\u001b[39m=\u001b[32m\"text-lg\"\u001b[39m\n                  \u001b[36m>\u001b[39m\n                    \u001b[0m▶\u001b[0m\n                  \u001b[36m</span>\u001b[39m\n                \u001b[36m</div>\u001b[39m\n              \u001b[36m</button>\u001b[39m\n            \u001b[36m</div>\u001b[39m\n            \u001b[36m<div\u001b[39m\n              \u001b[33mclass\u001b[39m=\u001b[32m\"bg-white dark:bg-[rgb(var(--night-surface))] rounded-lg shadow-sm border border-gray-200 dark:border-gray-700 animate-slide-up overflow-hidden\"\u001b[39m\n              \u001b[33mstyle\u001b[39m=\u001b[32m\"animation-delay: 0.1s;\"\u001b[39m\n            \u001b[36m>\u001b[39m\n              \u001b[36m<button\u001b[39m\n                \u001b[33mclass\u001b[39m=\u001b[32m\"w-full p-3 flex items-center justify-between hover:bg-gray-50 dark:hover:bg-gray-800 transition-colors\"\u001b[39m\n              \u001b[36m>\u001b[39m\n                \u001b[36m<div>\u001b[39m\n                  \u001b[36m<p\u001b[39m\n                    \u001b[33mclass\u001b[39m=\u001b[32m\"text-xs text-gray-600 dark:text-gray-400\"\u001b[39m\n                  \u001b[36m>\u001b[39m\n                    \u001b[0mEn Ligne\u001b[0m\n                  \u001b[36m</p>\u001b[39m\n                  \u001b[36m<p\u001b[39m\n                    \u001b[33mclass\u001b[39m=\u001b[32m\"text-2xl font-bold text-green-600 dark:text-green-400\"\u001b[39m\n                  \u001b[36m>\u001b[39m\n                    \u001b[0m0\u001b[0m\n                  \u001b[36m</p>\u001b[39m\n                \u001b[36m</div>\u001b[39m\n                \u001b[36m<div\u001b[39m\n                  \u001b[33mclass\u001b[39m=\u001b[32m\"flex items-center gap-2\"\u001b[39m\n                \u001b[36m>\u001b[39m\n                  \u001b[36m<span\u001b[39m\n                    \u001b[33mclass\u001b[39m=\u001b[32m\"text-3xl\"\u001b[39m\n                  \u001b[36m>\u001b[39m\n                    \u001b[0m🟢\u001b[0m\n                  \u001b[36m</span>\u001b[39m\n                  \u001b[36m<span\u001b[39m\n                    \u001b[33mclass\u001b[39m=\u001b[32m\"text-lg\"\u001b[39m\n                  \u001b[36m>\u001b[39m\n                    \u001b[0m▶\u001b[0m\n                  \u001b[36m</span>\u001b[39m\n                \u001b[36m</div>\u001b[39m\n              \u001b[36m</button>\u001b[39m\n            \u001b[36m</div>\u001b[39m\n            \u001b[36m<div\u001b[39m\n              \u001b[33mclass\u001b[39m=\u001b[32m\"bg-white dark:bg-[rgb(var(--night-surface))] rounded-lg shadow-sm border border-gray-200 dark:border-gray-700 animate-slide-up overflow-hidden\"\u001b[39m\n              \u001b[33mstyle\u001b[39m=\u001b[32m\"animation-delay: 0.2s;\"\u001b[39m\n            \u001b[36m>\u001b[39m\n              \u001b[36m<button\u001b[39m\n                \u001b[33mclass\u001b[39m=\u001b[32m\"w-full p-3 flex items-center justify-between hover:bg-gray-50 dark:hover:bg-gray-800 transition-colors\"\u001b[39m\n              \u001b[36m>\u001b[39m\n                \u001b[36m<div>\u001b[39m\n                  \u001b[36m<p\u001b[39m\n                    \u001b[33mclass\u001b[39m=\u001b[32m\"text-xs text-gray-600 dark:text-gray-400\"\u001b[39m\n                  \u001b[36m>\u001b[39m\n                    \u001b[0mAlertes\u001b[0m\n                  \u001b[36m</p>\u001b[39m\n                  \u001b[36m<p\u001b[39m\n                    \u001b[33mclass\u001b[39m=\u001b[32m\"text-2xl font-bold text-red-600 dark:text-red-400\"\u001b[39m\n                  \u001b[36m>\u001b[39m\n                    \u001b[0m0\u001b[0m\n                  \u001b[36m</p>\u001b[39m\n                \u001b[36m</div>\u001b[39m\n                \u001b[36m<div\u001b[39m\n                  \u001b[33mclass\u001b[39m=\u001b[32m\"flex items-center gap-2\"\u001b[39m\n                \u001b[36m>\u001b[39m\n                  \u001b[36m<span\u001b[39m\n                    \u001b[33mclass\u001b[39m=\u001b[32m\"text-3xl\"\u001b[39m\n                  \u001b[36m>\u001b[39m\n                    \u001b[0m⚠️\u001b[0m\n                  \u001b[36m</span>\u001b[39m\n                  \u001b[36m<span\u001b[39m\n                    \u001b[33mclass\u001b[39m=\u001b[32m\"text-lg\"\u001b[39m\n                  \u001b[36m>\u001b[39m\n                    \u001b[0m▶\u001b[0m\n                  \u001b[36m</span>\u001b[39m\n                \u001b[36m</div>\u001b[39m\n              \u001b[36m</button>\u001b[39m\n            \u001b[36m</div>\u001b[39m\n            \u001b[36m<div\u001b[39m\n              \u001b[33mclass\u001b[39m=\u001b[32m\"bg-white dark:bg-[rgb(var(--night-surface))] rounded-lg shadow-sm border border-gray-200 dark:border-gray-700 animate-slide-up overflow-hidden\"\u001b[39m\n              \u001b[33mstyle\u001b[39m=\u001b[32m\"animation-delay: 0.3s;\"\u001b[39m\n            \u001b[36m>\u001b[39m\n              \u001b[36m<button\u001b[39m\n                \u001b[33mclass\u001b[39m=\u001b[32m\"w-full p-3 flex items-center justify-between hover:bg-gray-50 dark:hover:bg-gray-800 transition-colors\"\u001b[39m\n              \u001b[36m>\u001b[39m\n                \u001b[36m<div>\u001b[39m\n                  \u001b[36m<p\u001b[39m\n                    \u001b[33mclass\u001b[39m=\u001b[32m\"text-xs text-gray-600 dark:text-gray-400\"\u001b[39m\n                  \u001b[36m>\u001b[39m\n                    \u001b[0mBatterie\u001b[0m\n                  \u001b[36m</p>\u001b[39m\n                  \u001b[36m<p\u001b[39m\n                    \u001b[33mclass\u001b[39m=\u001b[32m\"text-2xl font-bold text-green-600 dark:text-green-400\"\u001b[39m\n                  \u001b[36m>\u001b[39m\n                    \u001b[0m0\u001b[0m\n                  \u001b[36m</p>\u001b[39m\n                \u001b[36m</div>\u001b[39m\n                \u001b[36m<div\u001b[39m\n                  \u001b[33mclass\u001b[39m=\u001b[32m\"flex items-center gap-2\"\u001b[39m\n                \u001b[36m>\u001b[39m\n                  \u001b[36m<span\u001b[39m\n                    \u001b[33mclass\u001b[39m=\u001b[32m\"text-3xl\"\u001b[39m\n                  \u001b[36m>\u001b[39m\n                    \u001b[0m🔋\u001b[0m\n                  \u001b[36m</span>\u001b[39m\n                  \u001b[36m<span\u001b[39m\n                    \u001b[33mclass\u001b[39m=\u001b[32m\"text-lg\"\u001b[39m\n                  \u001b[36m>\u001b[39m\n                    \u001b[0m▶\u001b[0m\n                  \u001b[36m</span>\u001b[39m\n                \u001b[36m</div>\u001b[39m\n              \u001b[36m</button>\u001b[39m\n            \u001b[36m</div>\u001b[39m\n          \u001b[36m</div>\u001b[39m\n        \u001b[36m</div>\u001b[39m\n      \u001b[36m</div>\u001b[39m\n    \u001b[36m</body>\u001b[39m\n\u001b[2m\u001b[22m\n\u001b[2m    \u001b[0m \u001b[90m 102 |\u001b[39m\u001b[22m\n\u001b[2m     \u001b[90m 103 |\u001b[39m     \u001b[90m// Vérifier que les dispositifs sont chargés et affichés\u001b[39m\u001b[22m\n\u001b[2m    \u001b[31m\u001b[1m>\u001b[22m\u001b[2m\u001b[39m\u001b[90m 104 |\u001b[39m     \u001b[36mawait\u001b[39m waitFor(() \u001b[33m=>\u001b[39m {\u001b[22m\n\u001b[2m     \u001b[90m     |\u001b[39m                  \u001b[31m\u001b[1m^\u001b[22m\u001b[2m\u001b[39m\u001b[22m\n\u001b[2m     \u001b[90m 105 |\u001b[39m       expect(screen\u001b[33m.\u001b[39mgetByText(\u001b[32m'OTT-001'\u001b[39m))\u001b[33m.\u001b[39mtoBeInTheDocument()\u001b[22m\n\u001b[2m     \u001b[90m 106 |\u001b[39m       expect(screen\u001b[33m.\u001b[39mgetByText(\u001b[32m'OTT-002'\u001b[39m))\u001b[33m.\u001b[39mtoBeInTheDocument()\u001b[22m\n\u001b[2m     \u001b[90m 107 |\u001b[39m     }\u001b[33m,\u001b[39m { timeout\u001b[33m:\u001b[39m \u001b[35m3000\u001b[39m })\u001b[0m\u001b[22m\n\u001b[2m\u001b[22m\n\u001b[2m      \u001b[2mat waitForWrapper (\u001b[22m\u001b[2mnode_modules/@testing-library/dom/dist/wait-for.js\u001b[2m:166:27)\u001b[22m\u001b[2m\u001b[22m\n\u001b[2m      \u001b[2mat Object.<anonymous> (\u001b[22m\u001b[2m\u001b[0m\u001b[36m__tests__/integration/devices.test.js\u001b[39m\u001b[0m\u001b[2m:104:18)\u001b[22m\u001b[2m\u001b[22m\n\n\u001b[1m\u001b[31m  \u001b[1m● \u001b[22m\u001b[1mGestion des dispositifs E2E › devrait gérer les erreurs de chargement\u001b[39m\u001b[22m\n\n    Unable to find an element with the text: /erreur/i. This could be because the text is broken up by multiple elements. In this case, you can provide a function for your text matcher to make your matcher more flexible.\n\n    Ignored nodes: comments, script, style\n    \u001b[36m<body>\u001b[39m\n      \u001b[36m<div>\u001b[39m\n        \u001b[36m<div\u001b[39m\n          \u001b[33mclass\u001b[39m=\u001b[32m\"space-y-6 animate-fade-in\"\u001b[39m\n        \u001b[36m>\u001b[39m\n          \u001b[36m<div\u001b[39m\n            \u001b[33mclass\u001b[39m=\u001b[32m\"animate-slide-up\"\u001b[39m\n          \u001b[36m>\u001b[39m\n            \u001b[36m<h1\u001b[39m\n              \u001b[33mclass\u001b[39m=\u001b[32m\"text-3xl font-bold text-primary mb-2\"\u001b[39m\n            \u001b[36m>\u001b[39m\n              \u001b[0mVue d'Ensemble\u001b[0m\n            \u001b[36m</h1>\u001b[39m\n            \u001b[36m<p\u001b[39m\n              \u001b[33mclass\u001b[39m=\u001b[32m\"text-muted\"\u001b[39m\n            \u001b[36m>\u001b[39m\n              \u001b[0mTableau de bord en temps réel des dispositifs OTT\u001b[0m\n            \u001b[36m</p>\u001b[39m\n          \u001b[36m</div>\u001b[39m\n          \u001b[36m<div\u001b[39m\n            \u001b[33mclass\u001b[39m=\u001b[32m\"card p-0 overflow-hidden\"\u001b[39m\n            \u001b[33mid\u001b[39m=\u001b[32m\"map-container\"\u001b[39m\n          \u001b[36m>\u001b[39m\n            \u001b[36m<div\u001b[39m\n              \u001b[33mclass\u001b[39m=\u001b[32m\"p-4 border-b border-gray-200 dark:border-gray-700\"\u001b[39m\n            \u001b[36m>\u001b[39m\n              \u001b[36m<h2\u001b[39m\n                \u001b[33mclass\u001b[39m=\u001b[32m\"text-lg font-semibold text-gray-900 dark:text-gray-100\"\u001b[39m\n              \u001b[36m>\u001b[39m\n                \u001b[0m🗺️ Carte des Dispositifs\u001b[0m\n              \u001b[36m</h2>\u001b[39m\n              \u001b[36m<p\u001b[39m\n                \u001b[33mclass\u001b[39m=\u001b[32m\"text-sm text-gray-600 dark:text-gray-400 mt-1\"\u001b[39m\n              \u001b[36m>\u001b[39m\n                \u001b[0mAucun dispositif actif\u001b[0m\n              \u001b[36m</p>\u001b[39m\n            \u001b[36m</div>\u001b[39m\n            \u001b[36m<div\u001b[39m\n              \u001b[33mstyle\u001b[39m=\u001b[32m\"height: 400px; width: 100%; position: relative; z-index: 1;\"\u001b[39m\n            \u001b[36m/>\u001b[39m\n          \u001b[36m</div>\u001b[39m\n          \u001b[36m<div\u001b[39m\n            \u001b[33mclass\u001b[39m=\u001b[32m\"grid grid-cols-2 md:grid-cols-4 lg:grid-cols-5 gap-3\"\u001b[39m\n          \u001b[36m>\u001b[39m\n            \u001b[36m<div\u001b[39m\n              \u001b[33mclass\u001b[39m=\u001b[32m\"bg-white dark:bg-[rgb(var(--night-surface))] rounded-lg shadow-sm border border-gray-200 dark:border-gray-700 animate-slide-up overflow-hidden\"\u001b[39m\n            \u001b[36m>\u001b[39m\n              \u001b[36m<button\u001b[39m\n                \u001b[33mclass\u001b[39m=\u001b[32m\"w-full p-3 flex items-center justify-between hover:bg-gray-50 dark:hover:bg-gray-800 transition-colors\"\u001b[39m\n              \u001b[36m>\u001b[39m\n                \u001b[36m<div>\u001b[39m\n                  \u001b[36m<p\u001b[39m\n                    \u001b[33mclass\u001b[39m=\u001b[32m\"text-xs text-gray-600 dark:text-gray-400\"\u001b[39m\n                  \u001b[36m>\u001b[39m\n                    \u001b[0mDispositifs\u001b[0m\n                  \u001b[36m</p>\u001b[39m\n                  \u001b[36m<p\u001b[39m\n                    \u001b[33mclass\u001b[39m=\u001b[32m\"text-2xl font-bold text-primary-600 dark:text-primary-400\"\u001b[39m\n                  \u001b[36m>\u001b[39m\n                    \u001b[0m0\u001b[0m\n                  \u001b[36m</p>\u001b[39m\n                \u001b[36m</div>\u001b[39m\n                \u001b[36m<div\u001b[39m\n                  \u001b[33mclass\u001b[39m=\u001b[32m\"flex items-center gap-2\"\u001b[39m\n                \u001b[36m>\u001b[39m\n                  \u001b[36m<span\u001b[39m\n                    \u001b[33mclass\u001b[39m=\u001b[32m\"text-3xl\"\u001b[39m\n                  \u001b[36m>\u001b[39m\n                    \u001b[0m🔌\u001b[0m\n                  \u001b[36m</span>\u001b[39m\n                  \u001b[36m<span\u001b[39m\n                    \u001b[33mclass\u001b[39m=\u001b[32m\"text-lg\"\u001b[39m\n                  \u001b[36m>\u001b[39m\n                    \u001b[0m▶\u001b[0m\n                  \u001b[36m</span>\u001b[39m\n                \u001b[36m</div>\u001b[39m\n              \u001b[36m</button>\u001b[39m\n            \u001b[36m</div>\u001b[39m\n            \u001b[36m<div\u001b[39m\n              \u001b[33mclass\u001b[39m=\u001b[32m\"bg-white dark:bg-[rgb(var(--night-surface))] rounded-lg shadow-sm border border-gray-200 dark:border-gray-700 animate-slide-up overflow-hidden\"\u001b[39m\n              \u001b[33mstyle\u001b[39m=\u001b[32m\"animation-delay: 0.1s;\"\u001b[39m\n            \u001b[36m>\u001b[39m\n              \u001b[36m<button\u001b[39m\n                \u001b[33mclass\u001b[39m=\u001b[32m\"w-full p-3 flex items-center justify-between hover:bg-gray-50 dark:hover:bg-gray-800 transition-colors\"\u001b[39m\n              \u001b[36m>\u001b[39m\n                \u001b[36m<div>\u001b[39m\n                  \u001b[36m<p\u001b[39m\n                    \u001b[33mclass\u001b[39m=\u001b[32m\"text-xs text-gray-600 dark:text-gray-400\"\u001b[39m\n                  \u001b[36m>\u001b[39m\n                    \u001b[0mEn Ligne\u001b[0m\n                  \u001b[36m</p>\u001b[39m\n                  \u001b[36m<p\u001b[39m\n                    \u001b[33mclass\u001b[39m=\u001b[32m\"text-2xl font-bold text-green-600 dark:text-green-400\"\u001b[39m\n                  \u001b[36m>\u001b[39m\n                    \u001b[0m0\u001b[0m\n                  \u001b[36m</p>\u001b[39m\n                \u001b[36m</div>\u001b[39m\n                \u001b[36m<div\u001b[39m\n                  \u001b[33mclass\u001b[39m=\u001b[32m\"flex items-center gap-2\"\u001b[39m\n                \u001b[36m>\u001b[39m\n                  \u001b[36m<span\u001b[39m\n                    \u001b[33mclass\u001b[39m=\u001b[32m\"text-3xl\"\u001b[39m\n                  \u001b[36m>\u001b[39m\n                    \u001b[0m🟢\u001b[0m\n                  \u001b[36m</span>\u001b[39m\n                  \u001b[36m<span\u001b[39m\n                    \u001b[33mclass\u001b[39m=\u001b[32m\"text-lg\"\u001b[39m\n                  \u001b[36m>\u001b[39m\n                    \u001b[0m▶\u001b[0m\n                  \u001b[36m</span>\u001b[39m\n                \u001b[36m</div>\u001b[39m\n              \u001b[36m</button>\u001b[39m\n            \u001b[36m</div>\u001b[39m\n            \u001b[36m<div\u001b[39m\n              \u001b[33mclass\u001b[39m=\u001b[32m\"bg-white dark:bg-[rgb(var(--night-surface))] rounded-lg shadow-sm border border-gray-200 dark:border-gray-700 animate-slide-up overflow-hidden\"\u001b[39m\n              \u001b[33mstyle\u001b[39m=\u001b[32m\"animation-delay: 0.2s;\"\u001b[39m\n            \u001b[36m>\u001b[39m\n              \u001b[36m<button\u001b[39m\n                \u001b[33mclass\u001b[39m=\u001b[32m\"w-full p-3 flex items-center justify-between hover:bg-gray-50 dark:hover:bg-gray-800 transition-colors\"\u001b[39m\n              \u001b[36m>\u001b[39m\n                \u001b[36m<div>\u001b[39m\n                  \u001b[36m<p\u001b[39m\n                    \u001b[33mclass\u001b[39m=\u001b[32m\"text-xs text-gray-600 dark:text-gray-400\"\u001b[39m\n                  \u001b[36m>\u001b[39m\n                    \u001b[0mAlertes\u001b[0m\n                  \u001b[36m</p>\u001b[39m\n                  \u001b[36m<p\u001b[39m\n                    \u001b[33mclass\u001b[39m=\u001b[32m\"text-2xl font-bold text-red-600 dark:text-red-400\"\u001b[39m\n                  \u001b[36m>\u001b[39m\n                    \u001b[0m0\u001b[0m\n                  \u001b[36m</p>\u001b[39m\n                \u001b[36m</div>\u001b[39m\n                \u001b[36m<div\u001b[39m\n                  \u001b[33mclass\u001b[39m=\u001b[32m\"flex items-center gap-2\"\u001b[39m\n                \u001b[36m>\u001b[39m\n                  \u001b[36m<span\u001b[39m\n                    \u001b[33mclass\u001b[39m=\u001b[32m\"text-3xl\"\u001b[39m\n                  \u001b[36m>\u001b[39m\n                    \u001b[0m⚠️\u001b[0m\n                  \u001b[36m</span>\u001b[39m\n                  \u001b[36m<span\u001b[39m\n                    \u001b[33mclass\u001b[39m=\u001b[32m\"text-lg\"\u001b[39m\n                  \u001b[36m>\u001b[39m\n                    \u001b[0m▶\u001b[0m\n                  \u001b[36m</span>\u001b[39m\n                \u001b[36m</div>\u001b[39m\n              \u001b[36m</button>\u001b[39m\n            \u001b[36m</div>\u001b[39m\n            \u001b[36m<div\u001b[39m\n              \u001b[33mclass\u001b[39m=\u001b[32m\"bg-white dark:bg-[rgb(var(--night-surface))] rounded-lg shadow-sm border border-gray-200 dark:border-gray-700 animate-slide-up overflow-hidden\"\u001b[39m\n              \u001b[33mstyle\u001b[39m=\u001b[32m\"animation-delay: 0.3s;\"\u001b[39m\n            \u001b[36m>\u001b[39m\n              \u001b[36m<button\u001b[39m\n                \u001b[33mclass\u001b[39m=\u001b[32m\"w-full p-3 flex items-center justify-between hover:bg-gray-50 dark:hover:bg-gray-800 transition-colors\"\u001b[39m\n              \u001b[36m>\u001b[39m\n                \u001b[36m<div>\u001b[39m\n                  \u001b[36m<p\u001b[39m\n                    \u001b[33mclass\u001b[39m=\u001b[32m\"text-xs text-gray-600 dark:text-gray-400\"\u001b[39m\n                  \u001b[36m>\u001b[39m\n                    \u001b[0mBatterie\u001b[0m\n                  \u001b[36m</p>\u001b[39m\n                  \u001b[36m<p\u001b[39m\n                    \u001b[33mclass\u001b[39m=\u001b[32m\"text-2xl font-bold text-green-600 dark:text-green-400\"\u001b[39m\n                  \u001b[36m>\u001b[39m\n                    \u001b[0m0\u001b[0m\n                  \u001b[36m</p>\u001b[39m\n                \u001b[36m</div>\u001b[39m\n                \u001b[36m<div\u001b[39m\n                  \u001b[33mclass\u001b[39m=\u001b[32m\"flex items-center gap-2\"\u001b[39m\n                \u001b[36m>\u001b[39m\n                  \u001b[36m<span\u001b[39m\n                    \u001b[33mclass\u001b[39m=\u001b[32m\"text-3xl\"\u001b[39m\n                  \u001b[36m>\u001b[39m\n                    \u001b[0m🔋\u001b[0m\n                  \u001b[36m</span>\u001b[39m\n                  \u001b[36m<span\u001b[39m\n                    \u001b[33mclass\u001b[39m=\u001b[32m\"text-lg\"\u001b[39m\n                  \u001b[36m>\u001b[39m\n                    \u001b[0m▶\u001b[0m\n                  \u001b[36m</span>\u001b[39m\n                \u001b[36m</div>\u001b[39m\n              \u001b[36m</button>\u001b[39m\n            \u001b[36m</div>\u001b[39m\n          \u001b[36m</div>\u001b[39m\n        \u001b[36m</div>\u001b[39m\n      \u001b[36m</div>\u001b[39m\n    \u001b[36m</body>\u001b[39m\n\u001b[2m\u001b[22m\n\u001b[2m    \u001b[0m \u001b[90m 145 |\u001b[39m     )\u001b[22m\n\u001b[2m     \u001b[90m 146 |\u001b[39m\u001b[22m\n\u001b[2m    \u001b[31m\u001b[1m>\u001b[22m\u001b[2m\u001b[39m\u001b[90m 147 |\u001b[39m     \u001b[36mawait\u001b[39m waitFor(() \u001b[33m=>\u001b[39m {\u001b[22m\n\u001b[2m     \u001b[90m     |\u001b[39m                  \u001b[31m\u001b[1m^\u001b[22m\u001b[2m\u001b[39m\u001b[22m\n\u001b[2m     \u001b[90m 148 |\u001b[39m       expect(screen\u001b[33m.\u001b[39mgetByText(\u001b[35m/erreur/i\u001b[39m))\u001b[33m.\u001b[39mtoBeInTheDocument()\u001b[22m\n\u001b[2m     \u001b[90m 149 |\u001b[39m     }\u001b[33m,\u001b[39m { timeout\u001b[33m:\u001b[39m \u001b[35m3000\u001b[39m })\u001b[22m\n\u001b[2m     \u001b[90m 150 |\u001b[39m   })\u001b[0m\u001b[22m\n\u001b[2m\u001b[22m\n\u001b[2m      \u001b[2mat waitForWrapper (\u001b[22m\u001b[2mnode_modules/@testing-library/dom/dist/wait-for.js\u001b[2m:166:27)\u001b[22m\u001b[2m\u001b[22m\n\u001b[2m      \u001b[2mat Object.<anonymous> (\u001b[22m\u001b[2m\u001b[0m\u001b[36m__tests__/integration/devices.test.js\u001b[39m\u001b[0m\u001b[2m:147:18)\u001b[22m\u001b[2m\u001b[22m\n\n\u001b[1m\u001b[31m  \u001b[1m● \u001b[22m\u001b[1mGestion des dispositifs E2E › devrait filtrer les dispositifs avec batterie faible\u001b[39m\u001b[22m\n\n    Unable to find an element with the text: /15%/i. This could be because the text is broken up by multiple elements. In this case, you can provide a function for your text matcher to make your matcher more flexible.\n\n    Ignored nodes: comments, script, style\n    \u001b[36m<body>\u001b[39m\n      \u001b[36m<div>\u001b[39m\n        \u001b[36m<div\u001b[39m\n          \u001b[33mclass\u001b[39m=\u001b[32m\"space-y-6 animate-fade-in\"\u001b[39m\n        \u001b[36m>\u001b[39m\n          \u001b[36m<div\u001b[39m\n            \u001b[33mclass\u001b[39m=\u001b[32m\"animate-slide-up\"\u001b[39m\n          \u001b[36m>\u001b[39m\n            \u001b[36m<h1\u001b[39m\n              \u001b[33mclass\u001b[39m=\u001b[32m\"text-3xl font-bold text-primary mb-2\"\u001b[39m\n            \u001b[36m>\u001b[39m\n              \u001b[0mVue d'Ensemble\u001b[0m\n            \u001b[36m</h1>\u001b[39m\n            \u001b[36m<p\u001b[39m\n              \u001b[33mclass\u001b[39m=\u001b[32m\"text-muted\"\u001b[39m\n            \u001b[36m>\u001b[39m\n              \u001b[0mTableau de bord en temps réel des dispositifs OTT\u001b[0m\n            \u001b[36m</p>\u001b[39m\n          \u001b[36m</div>\u001b[39m\n          \u001b[36m<div\u001b[39m\n            \u001b[33mclass\u001b[39m=\u001b[32m\"card p-0 overflow-hidden\"\u001b[39m\n            \u001b[33mid\u001b[39m=\u001b[32m\"map-container\"\u001b[39m\n          \u001b[36m>\u001b[39m\n            \u001b[36m<div\u001b[39m\n              \u001b[33mclass\u001b[39m=\u001b[32m\"p-4 border-b border-gray-200 dark:border-gray-700\"\u001b[39m\n            \u001b[36m>\u001b[39m\n              \u001b[36m<h2\u001b[39m\n                \u001b[33mclass\u001b[39m=\u001b[32m\"text-lg font-semibold text-gray-900 dark:text-gray-100\"\u001b[39m\n              \u001b[36m>\u001b[39m\n                \u001b[0m🗺️ Carte des Dispositifs\u001b[0m\n              \u001b[36m</h2>\u001b[39m\n              \u001b[36m<p\u001b[39m\n                \u001b[33mclass\u001b[39m=\u001b[32m\"text-sm text-gray-600 dark:text-gray-400 mt-1\"\u001b[39m\n              \u001b[36m>\u001b[39m\n                \u001b[0mAucun dispositif actif\u001b[0m\n              \u001b[36m</p>\u001b[39m\n            \u001b[36m</div>\u001b[39m\n            \u001b[36m<div\u001b[39m\n              \u001b[33mstyle\u001b[39m=\u001b[32m\"height: 400px; width: 100%; position: relative; z-index: 1;\"\u001b[39m\n            \u001b[36m/>\u001b[39m\n          \u001b[36m</div>\u001b[39m\n          \u001b[36m<div\u001b[39m\n            \u001b[33mclass\u001b[39m=\u001b[32m\"grid grid-cols-2 md:grid-cols-4 lg:grid-cols-5 gap-3\"\u001b[39m\n          \u001b[36m>\u001b[39m\n            \u001b[36m<div\u001b[39m\n              \u001b[33mclass\u001b[39m=\u001b[32m\"bg-white dark:bg-[rgb(var(--night-surface))] rounded-lg shadow-sm border border-gray-200 dark:border-gray-700 animate-slide-up overflow-hidden\"\u001b[39m\n            \u001b[36m>\u001b[39m\n              \u001b[36m<button\u001b[39m\n                \u001b[33mclass\u001b[39m=\u001b[32m\"w-full p-3 flex items-center justify-between hover:bg-gray-50 dark:hover:bg-gray-800 transition-colors\"\u001b[39m\n              \u001b[36m>\u001b[39m\n                \u001b[36m<div>\u001b[39m\n                  \u001b[36m<p\u001b[39m\n                    \u001b[33mclass\u001b[39m=\u001b[32m\"text-xs text-gray-600 dark:text-gray-400\"\u001b[39m\n                  \u001b[36m>\u001b[39m\n                    \u001b[0mDispositifs\u001b[0m\n                  \u001b[36m</p>\u001b[39m\n                  \u001b[36m<p\u001b[39m\n                    \u001b[33mclass\u001b[39m=\u001b[32m\"text-2xl font-bold text-primary-600 dark:text-primary-400\"\u001b[39m\n                  \u001b[36m>\u001b[39m\n                    \u001b[0m0\u001b[0m\n                  \u001b[36m</p>\u001b[39m\n                \u001b[36m</div>\u001b[39m\n                \u001b[36m<div\u001b[39m\n                  \u001b[33mclass\u001b[39m=\u001b[32m\"flex items-center gap-2\"\u001b[39m\n                \u001b[36m>\u001b[39m\n                  \u001b[36m<span\u001b[39m\n                    \u001b[33mclass\u001b[39m=\u001b[32m\"text-3xl\"\u001b[39m\n                  \u001b[36m>\u001b[39m\n                    \u001b[0m🔌\u001b[0m\n                  \u001b[36m</span>\u001b[39m\n                  \u001b[36m<span\u001b[39m\n                    \u001b[33mclass\u001b[39m=\u001b[32m\"text-lg\"\u001b[39m\n                  \u001b[36m>\u001b[39m\n                    \u001b[0m▶\u001b[0m\n                  \u001b[36m</span>\u001b[39m\n                \u001b[36m</div>\u001b[39m\n              \u001b[36m</button>\u001b[39m\n            \u001b[36m</div>\u001b[39m\n            \u001b[36m<div\u001b[39m\n              \u001b[33mclass\u001b[39m=\u001b[32m\"bg-white dark:bg-[rgb(var(--night-surface))] rounded-lg shadow-sm border border-gray-200 dark:border-gray-700 animate-slide-up overflow-hidden\"\u001b[39m\n              \u001b[33mstyle\u001b[39m=\u001b[32m\"animation-delay: 0.1s;\"\u001b[39m\n            \u001b[36m>\u001b[39m\n              \u001b[36m<button\u001b[39m\n                \u001b[33mclass\u001b[39m=\u001b[32m\"w-full p-3 flex items-center justify-between hover:bg-gray-50 dark:hover:bg-gray-800 transition-colors\"\u001b[39m\n              \u001b[36m>\u001b[39m\n                \u001b[36m<div>\u001b[39m\n                  \u001b[36m<p\u001b[39m\n                    \u001b[33mclass\u001b[39m=\u001b[32m\"text-xs text-gray-600 dark:text-gray-400\"\u001b[39m\n                  \u001b[36m>\u001b[39m\n                    \u001b[0mEn Ligne\u001b[0m\n                  \u001b[36m</p>\u001b[39m\n                  \u001b[36m<p\u001b[39m\n                    \u001b[33mclass\u001b[39m=\u001b[32m\"text-2xl font-bold text-green-600 dark:text-green-400\"\u001b[39m\n                  \u001b[36m>\u001b[39m\n                    \u001b[0m0\u001b[0m\n                  \u001b[36m</p>\u001b[39m\n                \u001b[36m</div>\u001b[39m\n                \u001b[36m<div\u001b[39m\n                  \u001b[33mclass\u001b[39m=\u001b[32m\"flex items-center gap-2\"\u001b[39m\n                \u001b[36m>\u001b[39m\n                  \u001b[36m<span\u001b[39m\n                    \u001b[33mclass\u001b[39m=\u001b[32m\"text-3xl\"\u001b[39m\n                  \u001b[36m>\u001b[39m\n                    \u001b[0m🟢\u001b[0m\n                  \u001b[36m</span>\u001b[39m\n                  \u001b[36m<span\u001b[39m\n                    \u001b[33mclass\u001b[39m=\u001b[32m\"text-lg\"\u001b[39m\n                  \u001b[36m>\u001b[39m\n                    \u001b[0m▶\u001b[0m\n                  \u001b[36m</span>\u001b[39m\n                \u001b[36m</div>\u001b[39m\n              \u001b[36m</button>\u001b[39m\n            \u001b[36m</div>\u001b[39m\n            \u001b[36m<div\u001b[39m\n              \u001b[33mclass\u001b[39m=\u001b[32m\"bg-white dark:bg-[rgb(var(--night-surface))] rounded-lg shadow-sm border border-gray-200 dark:border-gray-700 animate-slide-up overflow-hidden\"\u001b[39m\n              \u001b[33mstyle\u001b[39m=\u001b[32m\"animation-delay: 0.2s;\"\u001b[39m\n            \u001b[36m>\u001b[39m\n              \u001b[36m<button\u001b[39m\n                \u001b[33mclass\u001b[39m=\u001b[32m\"w-full p-3 flex items-center justify-between hover:bg-gray-50 dark:hover:bg-gray-800 transition-colors\"\u001b[39m\n              \u001b[36m>\u001b[39m\n                \u001b[36m<div>\u001b[39m\n                  \u001b[36m<p\u001b[39m\n                    \u001b[33mclass\u001b[39m=\u001b[32m\"text-xs text-gray-600 dark:text-gray-400\"\u001b[39m\n                  \u001b[36m>\u001b[39m\n                    \u001b[0mAlertes\u001b[0m\n                  \u001b[36m</p>\u001b[39m\n                  \u001b[36m<p\u001b[39m\n                    \u001b[33mclass\u001b[39m=\u001b[32m\"text-2xl font-bold text-red-600 dark:text-red-400\"\u001b[39m\n                  \u001b[36m>\u001b[39m\n                    \u001b[0m0\u001b[0m\n                  \u001b[36m</p>\u001b[39m\n                \u001b[36m</div>\u001b[39m\n                \u001b[36m<div\u001b[39m\n                  \u001b[33mclass\u001b[39m=\u001b[32m\"flex items-center gap-2\"\u001b[39m\n                \u001b[36m>\u001b[39m\n                  \u001b[36m<span\u001b[39m\n                    \u001b[33mclass\u001b[39m=\u001b[32m\"text-3xl\"\u001b[39m\n                  \u001b[36m>\u001b[39m\n                    \u001b[0m⚠️\u001b[0m\n                  \u001b[36m</span>\u001b[39m\n                  \u001b[36m<span\u001b[39m\n                    \u001b[33mclass\u001b[39m=\u001b[32m\"text-lg\"\u001b[39m\n                  \u001b[36m>\u001b[39m\n                    \u001b[0m▶\u001b[0m\n                  \u001b[36m</span>\u001b[39m\n                \u001b[36m</div>\u001b[39m\n              \u001b[36m</button>\u001b[39m\n            \u001b[36m</div>\u001b[39m\n            \u001b[36m<div\u001b[39m\n              \u001b[33mclass\u001b[39m=\u001b[32m\"bg-white dark:bg-[rgb(var(--night-surface))] rounded-lg shadow-sm border border-gray-200 dark:border-gray-700 animate-slide-up overflow-hidden\"\u001b[39m\n              \u001b[33mstyle\u001b[39m=\u001b[32m\"animation-delay: 0.3s;\"\u001b[39m\n            \u001b[36m>\u001b[39m\n              \u001b[36m<button\u001b[39m\n                \u001b[33mclass\u001b[39m=\u001b[32m\"w-full p-3 flex items-center justify-between hover:bg-gray-50 dark:hover:bg-gray-800 transition-colors\"\u001b[39m\n              \u001b[36m>\u001b[39m\n                \u001b[36m<div>\u001b[39m\n                  \u001b[36m<p\u001b[39m\n                    \u001b[33mclass\u001b[39m=\u001b[32m\"text-xs text-gray-600 dark:text-gray-400\"\u001b[39m\n                  \u001b[36m>\u001b[39m\n                    \u001b[0mBatterie\u001b[0m\n                  \u001b[36m</p>\u001b[39m\n                  \u001b[36m<p\u001b[39m\n                    \u001b[33mclass\u001b[39m=\u001b[32m\"text-2xl font-bold text-green-600 dark:text-green-400\"\u001b[39m\n                  \u001b[36m>\u001b[39m\n                    \u001b[0m0\u001b[0m\n                  \u001b[36m</p>\u001b[39m\n                \u001b[36m</div>\u001b[39m\n                \u001b[36m<div\u001b[39m\n                  \u001b[33mclass\u001b[39m=\u001b[32m\"flex items-center gap-2\"\u001b[39m\n                \u001b[36m>\u001b[39m\n                  \u001b[36m<span\u001b[39m\n                    \u001b[33mclass\u001b[39m=\u001b[32m\"text-3xl\"\u001b[39m\n                  \u001b[36m>\u001b[39m\n                    \u001b[0m🔋\u001b[0m\n                  \u001b[36m</span>\u001b[39m\n                  \u001b[36m<span\u001b[39m\n                    \u001b[33mclass\u001b[39m=\u001b[32m\"text-lg\"\u001b[39m\n                  \u001b[36m>\u001b[39m\n                    \u001b[0m▶\u001b[0m\n                  \u001b[36m</span>\u001b[39m\n                \u001b[36m</div>\u001b[39m\n              \u001b[36m</button>\u001b[39m\n            \u001b[36m</div>\u001b[39m\n          \u001b[36m</div>\u001b[39m\n        \u001b[36m</div>\u001b[39m\n      \u001b[36m</div>\u001b[39m\n    \u001b[36m</body>\u001b[39m\n\u001b[2m\u001b[22m\n\u001b[2m    \u001b[0m \u001b[90m 186 |\u001b[39m\u001b[22m\n\u001b[2m     \u001b[90m 187 |\u001b[39m     \u001b[90m// Vérifier que les KPI affichent 1 dispositif avec batterie faible\u001b[39m\u001b[22m\n\u001b[2m    \u001b[31m\u001b[1m>\u001b[22m\u001b[2m\u001b[39m\u001b[90m 188 |\u001b[39m     \u001b[36mawait\u001b[39m waitFor(() \u001b[33m=>\u001b[39m {\u001b[22m\n\u001b[2m     \u001b[90m     |\u001b[39m                  \u001b[31m\u001b[1m^\u001b[22m\u001b[2m\u001b[39m\u001b[22m\n\u001b[2m     \u001b[90m 189 |\u001b[39m       \u001b[90m// Chercher l'indicateur de batterie faible\u001b[39m\u001b[22m\n\u001b[2m     \u001b[90m 190 |\u001b[39m       \u001b[36mconst\u001b[39m lowBatteryIndicators \u001b[33m=\u001b[39m screen\u001b[33m.\u001b[39mgetAllByText(\u001b[35m/15%/i\u001b[39m)\u001b[22m\n\u001b[2m     \u001b[90m 191 |\u001b[39m       expect(lowBatteryIndicators\u001b[33m.\u001b[39mlength)\u001b[33m.\u001b[39mtoBeGreaterThan(\u001b[35m0\u001b[39m)\u001b[0m\u001b[22m\n\u001b[2m\u001b[22m\n\u001b[2m      \u001b[2mat waitForWrapper (\u001b[22m\u001b[2mnode_modules/@testing-library/dom/dist/wait-for.js\u001b[2m:166:27)\u001b[22m\u001b[2m\u001b[22m\n\u001b[2m      \u001b[2mat Object.<anonymous> (\u001b[22m\u001b[2m\u001b[0m\u001b[36m__tests__/integration/devices.test.js\u001b[39m\u001b[0m\u001b[2m:188:18)\u001b[22m\u001b[2m\u001b[22m\n","name":"D:\\Windsurf\\OTT\\__tests__\\integration\\devices.test.js","startTime":1767980380774,"status":"failed","summary":""},{"assertionResults":[{"ancestorTitles":["useAsync"],"duration":5,"failureDetails":[],"failureMessages":[],"fullName":"useAsync devrait initialiser avec loading=false, error=null, success=false","invocations":1,"location":null,"numPassingAsserts":3,"retryReasons":[],"status":"passed","title":"devrait initialiser avec loading=false, error=null, success=false"},{"ancestorTitles":["useAsync"],"duration":12,"failureDetails":[],"failureMessages":[],"fullName":"useAsync devrait gérer une opération asynchrone réussie","invocations":1,"location":null,"numPassingAsserts":4,"retryReasons":[],"status":"passed","title":"devrait gérer une opération asynchrone réussie"},{"ancestorTitles":["useAsync"],"duration":14,"failureDetails":[{"matcherResult":{"actual":null,"expected":"Test error","message":"\u001b[2mexpect(\u001b[22m\u001b[31mreceived\u001b[39m\u001b[2m).\u001b[22mtoBe\u001b[2m(\u001b[22m\u001b[32mexpected\u001b[39m\u001b[2m) // Object.is equality\u001b[22m\n\nExpected: \u001b[32m\"Test error\"\u001b[39m\nReceived: \u001b[31mnull\u001b[39m","name":"toBe","pass":false}}],"failureMessages":["Error: \u001b[2mexpect(\u001b[22m\u001b[31mreceived\u001b[39m\u001b[2m).\u001b[22mtoBe\u001b[2m(\u001b[22m\u001b[32mexpected\u001b[39m\u001b[2m) // Object.is equality\u001b[22m\n\nExpected: \u001b[32m\"Test error\"\u001b[39m\nReceived: \u001b[31mnull\u001b[39m\n    at Object.toBe (D:\\Windsurf\\OTT\\__tests__\\hooks\\useAsync.test.js:43:34)"],"fullName":"useAsync devrait gérer une erreur","invocations":1,"location":null,"numPassingAsserts":1,"retryReasons":[],"status":"failed","title":"devrait gérer une erreur"},{"ancestorTitles":["useAsync"],"duration":197,"failureDetails":[],"failureMessages":[],"fullName":"useAsync devrait définir loading=true pendant l'exécution","invocations":1,"location":null,"numPassingAsserts":2,"retryReasons":[],"status":"passed","title":"devrait définir loading=true pendant l'exécution"},{"ancestorTitles":["useAsync"],"duration":5,"failureDetails":[],"failureMessages":[],"fullName":"useAsync devrait reset l'état","invocations":1,"location":null,"numPassingAsserts":4,"retryReasons":[],"status":"passed","title":"devrait reset l'état"}],"endTime":1767980392166,"message":"\u001b[1m\u001b[31m  \u001b[1m● \u001b[22m\u001b[1museAsync › devrait gérer une erreur\u001b[39m\u001b[22m\n\n    \u001b[2mexpect(\u001b[22m\u001b[31mreceived\u001b[39m\u001b[2m).\u001b[22mtoBe\u001b[2m(\u001b[22m\u001b[32mexpected\u001b[39m\u001b[2m) // Object.is equality\u001b[22m\n\n    Expected: \u001b[32m\"Test error\"\u001b[39m\n    Received: \u001b[31mnull\u001b[39m\n\u001b[2m\u001b[22m\n\u001b[2m    \u001b[0m \u001b[90m 41 |\u001b[39m     \u001b[22m\n\u001b[2m     \u001b[90m 42 |\u001b[39m     expect(result\u001b[33m.\u001b[39mcurrent\u001b[33m.\u001b[39mloading)\u001b[33m.\u001b[39mtoBe(\u001b[36mfalse\u001b[39m)\u001b[22m\n\u001b[2m    \u001b[31m\u001b[1m>\u001b[22m\u001b[2m\u001b[39m\u001b[90m 43 |\u001b[39m     expect(result\u001b[33m.\u001b[39mcurrent\u001b[33m.\u001b[39merror)\u001b[33m.\u001b[39mtoBe(\u001b[32m'Test error'\u001b[39m)\u001b[22m\n\u001b[2m     \u001b[90m    |\u001b[39m                                  \u001b[31m\u001b[1m^\u001b[22m\u001b[2m\u001b[39m\u001b[22m\n\u001b[2m     \u001b[90m 44 |\u001b[39m     expect(result\u001b[33m.\u001b[39mcurrent\u001b[33m.\u001b[39msuccess)\u001b[33m.\u001b[39mtoBe(\u001b[36mfalse\u001b[39m)\u001b[22m\n\u001b[2m     \u001b[90m 45 |\u001b[39m   })\u001b[22m\n\u001b[2m     \u001b[90m 46 |\u001b[39m\u001b[0m\u001b[22m\n\u001b[2m\u001b[22m\n\u001b[2m      \u001b[2mat Object.toBe (\u001b[22m\u001b[2m\u001b[0m\u001b[36m__tests__/hooks/useAsync.test.js\u001b[39m\u001b[0m\u001b[2m:43:34)\u001b[22m\u001b[2m\u001b[22m\n","name":"D:\\Windsurf\\OTT\\__tests__\\hooks\\useAsync.test.js","startTime":1767980391548,"status":"failed","summary":""},{"assertionResults":[{"ancestorTitles":["DeviceDashboard"],"duration":1,"failureDetails":[{}],"failureMessages":["TypeError: Cannot read properties of undefined (reading 'Provider')\n    at Provider (D:\\Windsurf\\OTT\\__tests__\\components\\DeviceDashboard.test.js:55:19)\n    at Object.renderComponent (D:\\Windsurf\\OTT\\__tests__\\components\\DeviceDashboard.test.js:71:5)\n    at Promise.then.completed (D:\\Windsurf\\OTT\\node_modules\\jest-circus\\build\\utils.js:298:28)\n    at new Promise (<anonymous>)\n    at callAsyncCircusFn (D:\\Windsurf\\OTT\\node_modules\\jest-circus\\build\\utils.js:231:10)\n    at _callCircusTest (D:\\Windsurf\\OTT\\node_modules\\jest-circus\\build\\run.js:316:40)\n    at _runTest (D:\\Windsurf\\OTT\\node_modules\\jest-circus\\build\\run.js:252:3)\n    at _runTestsForDescribeBlock (D:\\Windsurf\\OTT\\node_modules\\jest-circus\\build\\run.js:126:9)\n    at _runTestsForDescribeBlock (D:\\Windsurf\\OTT\\node_modules\\jest-circus\\build\\run.js:121:9)\n    at run (D:\\Windsurf\\OTT\\node_modules\\jest-circus\\build\\run.js:71:3)\n    at runAndTransformResultsToJestFormat (D:\\Windsurf\\OTT\\node_modules\\jest-circus\\build\\
[...]
mitErrorEvent (node:_http_client:107:11)\n    at Socket.socketErrorListener (node:_http_client:574:5)\n    at Socket.emit (node:events:508:28)\n    at emitErrorNT (node:internal/streams/destroy:170:8)\n    at emitErrorCloseNT (node:internal/streams/destroy:129:3)\n    at processTicksAndRejections (node:internal/process/task_queues:90:21)"],"fullName":"Firmwares API GET /api.php/firmwares devrait échouer sans authentification","invocations":1,"location":null,"numPassingAsserts":0,"retryReasons":[],"status":"failed","title":"devrait échouer sans authentification"},{"ancestorTitles":["Firmwares API","POST /api.php/firmwares"],"duration":0,"failureDetails":[{"message":"request to http://localhost:8000/api.php/auth/login failed, reason: ","type":"system","errno":"ECONNREFUSED","code":"ECONNREFUSED"}],"failureMessages":["FetchError: request to http://localhost:8000/api.php/auth/login failed, reason: \n    at ClientRequest.<anonymous> (D:\\Windsurf\\OTT\\node_modules\\node-fetch\\lib\\index.js:1501:11)\n    at ClientRequest.emit (node:events:508:28)\n    at emitErrorEvent (node:_http_client:107:11)\n    at Socket.socketErrorListener (node:_http_client:574:5)\n    at Socket.emit (node:events:508:28)\n    at emitErrorNT (node:internal/streams/destroy:170:8)\n    at emitErrorCloseNT (node:internal/streams/destroy:129:3)\n    at processTicksAndRejections (node:internal/process/task_queues:90:21)"],"fullName":"Firmwares API POST /api.php/firmwares devrait créer un nouveau firmware","invocations":1,"location":null,"numPassingAsserts":0,"retryReasons":[],"status":"failed","title":"devrait créer un nouveau firmware"},{"ancestorTitles":["Firmwares API","POST /api.php/firmwares"],"duration":0,"failureDetails":[{"message":"request to http://localhost:8000/api.php/auth/login failed, reason: ","type":"system","errno":"ECONNREFUSED","code":"ECONNREFUSED"}],"failureMessages":["FetchError: request to http://localhost:8000/api.php/auth/login failed, reason: \n    at ClientRequest.<anonymous> (D:\\Windsurf\\OTT\\node_modules\\node-fetch\\lib\\index.js:1501:11)\n    at ClientRequest.emit (node:events:508:28)\n    at emitErrorEvent (node:_http_client:107:11)\n    at Socket.socketErrorListener (node:_http_client:574:5)\n    at Socket.emit (node:events:508:28)\n    at emitErrorNT (node:internal/streams/destroy:170:8)\n    at emitErrorCloseNT (node:internal/streams/destroy:129:3)\n    at processTicksAndRejections (node:internal/process/task_queues:90:21)"],"fullName":"Firmwares API POST /api.php/firmwares devrait échouer avec des données invalides","invocations":1,"location":null,"numPassingAsserts":0,"retryReasons":[],"status":"failed","title":"devrait échouer avec des données invalides"},{"ancestorTitles":["Firmwares API","GET /api.php/firmwares/:id"],"duration":0,"failureDetails":[{"message":"request to http://localhost:8000/api.php/auth/login failed, reason: ","type":"system","errno":"ECONNREFUSED","code":"ECONNREFUSED"}],"failureMessages":["FetchError: request to http://localhost:8000/api.php/auth/login failed, reason: \n    at ClientRequest.<anonymous> (D:\\Windsurf\\OTT\\node_modules\\node-fetch\\lib\\index.js:1501:11)\n    at ClientRequest.emit (node:events:508:28)\n    at emitErrorEvent (node:_http_client:107:11)\n    at Socket.socketErrorListener (node:_http_client:574:5)\n    at Socket.emit (node:events:508:28)\n    at emitErrorNT (node:internal/streams/destroy:170:8)\n    at emitErrorCloseNT (node:internal/streams/destroy:129:3)\n    at processTicksAndRejections (node:internal/process/task_queues:90:21)"],"fullName":"Firmwares API GET /api.php/firmwares/:id devrait récupérer un firmware spécifique","invocations":1,"location":null,"numPassingAsserts":0,"retryReasons":[],"status":"failed","title":"devrait récupérer un firmware spécifique"},{"ancestorTitles":["Firmwares API","GET /api.php/firmwares/:id"],"duration":0,"failureDetails":[{"message":"request to http://localhost:8000/api.php/auth/login failed, reason: ","type":"system","errno":"ECONNREFUSED","code":"ECONNREFUSED"}],"failureMessages":["FetchError: request to http://localhost:8000/api.php/auth/login failed, reason: \n    at ClientRequest.<anonymous> (D:\\Windsurf\\OTT\\node_modules\\node-fetch\\lib\\index.js:1501:11)\n    at ClientRequest.emit (node:events:508:28)\n    at emitErrorEvent (node:_http_client:107:11)\n    at Socket.socketErrorListener (node:_http_client:574:5)\n    at Socket.emit (node:events:508:28)\n    at emitErrorNT (node:internal/streams/destroy:170:8)\n    at emitErrorCloseNT (node:internal/streams/destroy:129:3)\n    at processTicksAndRejections (node:internal/process/task_queues:90:21)"],"fullName":"Firmwares API GET /api.php/firmwares/:id devrait retourner 404 pour un firmware inexistant","invocations":1,"location":null,"numPassingAsserts":0,"retryReasons":[],"status":"failed","title":"devrait retourner 404 pour un firmware inexistant"},{"ancestorTitles":["Firmwares API","PUT /api.php/firmwares/:id"],"duration":0,"failureDetails":[{"message":"request to http://localhost:8000/api.php/auth/login failed, reason: ","type":"system","errno":"ECONNREFUSED","code":"ECONNREFUSED"}],"failureMessages":["FetchError: request to http://localhost:8000/api.php/auth/login failed, reason: \n    at ClientRequest.<anonymous> (D:\\Windsurf\\OTT\\node_modules\\node-fetch\\lib\\index.js:1501:11)\n    at ClientRequest.emit (node:events:508:28)\n    at emitErrorEvent (node:_http_client:107:11)\n    at Socket.socketErrorListener (node:_http_client:574:5)\n    at Socket.emit (node:events:508:28)\n    at emitErrorNT (node:internal/streams/destroy:170:8)\n    at emitErrorCloseNT (node:internal/streams/destroy:129:3)\n    at processTicksAndRejections (node:internal/process/task_queues:90:21)"],"fullName":"Firmwares API PUT /api.php/firmwares/:id devrait mettre à jour un firmware","invocations":1,"location":null,"numPassingAsserts":0,"retryReasons":[],"status":"failed","title":"devrait mettre à jour un firmware"},{"ancestorTitles":["Firmwares API","DELETE /api.php/firmwares/:id"],"duration":0,"failureDetails":[{"message":"request to http://localhost:8000/api.php/auth/login failed, reason: ","type":"system","errno":"ECONNREFUSED","code":"ECONNREFUSED"}],"failureMessages":["FetchError: request to http://localhost:8000/api.php/auth/login failed, reason: \n    at ClientRequest.<anonymous> (D:\\Windsurf\\OTT\\node_modules\\node-fetch\\lib\\index.js:1501:11)\n    at ClientRequest.emit (node:events:508:28)\n    at emitErrorEvent (node:_http_client:107:11)\n    at Socket.socketErrorListener (node:_http_client:574:5)\n    at Socket.emit (node:events:508:28)\n    at emitErrorNT (node:internal/streams/destroy:170:8)\n    at emitErrorCloseNT (node:internal/streams/destroy:129:3)\n    at processTicksAndRejections (node:internal/process/task_queues:90:21)"],"fullName":"Firmwares API DELETE /api.php/firmwares/:id devrait supprimer un firmware","invocations":1,"location":null,"numPassingAsserts":0,"retryReasons":[],"status":"failed","title":"devrait supprimer un firmware"},{"ancestorTitles":["Firmwares API","POST /api.php/firmwares/upload-ino"],"duration":0,"failureDetails":[{"message":"request to http://localhost:8000/api.php/auth/login failed, reason: ","type":"system","errno":"ECONNREFUSED","code":"ECONNREFUSED"}],"failureMessages":["FetchError: request to http://localhost:8000/api.php/auth/login failed, reason: \n    at ClientRequest.<anonymous> (D:\\Windsurf\\OTT\\node_modules\\node-fetch\\lib\\index.js:1501:11)\n    at ClientRequest.emit (node:events:508:28)\n    at emitErrorEvent (node:_http_client:107:11)\n    at Socket.socketErrorListener (node:_http_client:574:5)\n    at Socket.emit (node:events:508:28)\n    at emitErrorNT (node:internal/streams/destroy:170:8)\n    at emitErrorCloseNT (node:internal/streams/destroy:129:3)\n    at processTicksAndRejections (node:internal/process/task_queues:90:21)"],"fullName":"Firmwares API POST /api.php/firmwares/upload-ino devrait échouer sans fichier","invocations":1,"location":null,"numPassingAsserts":0,"retryReasons":[],"status":"failed","title":"devrait échouer sans fichier"}],"endTime":1767980393774,"message":"\u001b[1m\u001b[31m  \u001b[1m● \u001b[22m\u001b[1mFirmwares API › GET /api.php/firmwares › devrait récupérer la liste des firmwares\u001b[39m\u001b[22m\n\n    FetchError: request to http://localhost:8000/api.php/auth/login failed, reason:\n\u001b[2m\u001b[22m\n\u001b[2m      \u001b[2mat ClientRequest.<anonymous> (\u001b[22m\u001b[2mnode_modules/node-fetch/lib/index.js\u001b[2m:1501:11)\u001b[22m\u001b[2m\u001b[22m\n\n\u001b[1m\u001b[31m  \u001b[1m● \u001b[22m\u001b[1mFirmwares API › GET /api.php/firmwares › devrait échouer sans authentification\u001b[39m\u001b[22m\n\n    FetchError: request to http://localhost:8000/api.php/auth/login failed, reason:\n\u001b[2m\u001b[22m\n\u001b[2m      \u001b[2mat ClientRequest.<anonymous> (\u001b[22m\u001b[2mnode_modules/node-fetch/lib/index.js\u001b[2m:1501:11)\u001b[22m\u001b[2m\u001b[22m\n\n\u001b[1m\u001b[31m  \u001b[1m● \u001b[22m\u001b[1mFirmwares API › POST /api.php/firmwares › devrait créer un nouveau firmware\u001b[39m\u001b[22m\n\n    FetchError: request to http://localhost:8000/api.php/auth/login failed, reason:\n\u001b[2m\u001b[22m\n\u001b[2m      \u001b[2mat ClientRequest.<anonymous> (\u001b[22m\u001b[2mnode_modules/node-fetch/lib/index.js\u001b[2m:1501:11)\u001b[22m\u001b[2m\u001b[22m\n\n\u001b[1m\u001b[31m  \u001b[1m● \u001b[22m\u001b[1mFirmwares API › POST /api.php/firmwares › devrait échouer avec des données invalides\u001b[39m\u001b[22m\n\n    FetchError: request to http://localhost:8000/api.php/auth/login failed, reason:\n\u001b[2m\u001b[22m\n\u001b[2m      \u001b[2mat ClientRequest.<anonymous> (\u001b[22m\u001b[2mnode_modules/node-fetch/lib/index.js\u001b[2m:1501:11)\u001b[22m\u001b[2m\u001b[22m\n\n\u001b[1m\u001b[31m  \u001b[1m● \u001b[22m\u001b[1mFirmwares API › GET /api.php/firmwares/:id › devrait récupérer un firmware spécifique\u001b[39m\u001b[22m\n\n    FetchError: request to http://localhost:8000/api.php/auth/login failed, reason:\n\u001b[2m\u001b[22m\n\u001b[2m      \u001b[2mat ClientRequest.<anonymous> (\u001b[22m\u001b[2mnode_modules/node-fetch/lib/index.js\u001b[2m:1501:11)\u001b[22m\u001b[2m\u001b[22m\n\n\u001b[1m\u001b[31m  \u001b[1m● \u001b[22m\u001b[1mFirmwares API › GET /api.php/firmwares/:id › devrait retourner 404 pour un firmware inexistant\u001b[39m\u001b[22m\n\n    FetchError: request to http://localhost:8000/api.php/auth/login failed, reason:\n\u001b[2m\u001b[22m\n\u001b[2m      \u001b[2mat ClientRequest.<anonymous> (\u001b[22m\u001b[2mnode_modules/node-fetch/lib/index.js\u001b[2m:1501:11)\u001b[22m\u001b[2m\u001b[22m\n\n\u001b[1m\u001b[31m  \u001b[1m● \u001b[22m\u001b[1mFirmwares API › PUT /api.php/firmwares/:id › devrait mettre à jour un firmware\u001b[39m\u001b[22m\n\n    FetchError: request to http://localhost:8000/api.php/auth/login failed, reason:\n\u001b[2m\u001b[22m\n\u001b[2m      \u001b[2mat ClientRequest.<anonymous> (\u001b[22m\u001b[2mnode_modules/node-fetch/lib/index.js\u001b[2m:1501:11)\u001b[22m\u001b[2m\u001b[22m\n\n\u001b[1m\u001b[31m  \u001b[1m● \u001b[22m\u001b[1mFirmwares API › DELETE /api.php/firmwares/:id › devrait supprimer un firmware\u001b[39m\u001b[22m\n\n    FetchError: request to http://localhost:8000/api.php/auth/login failed, reason:\n\u001b[2m\u001b[22m\n\u001b[2m      \u001b[2mat ClientRequest.<anonymous> (\u001b[22m\u001b[2mnode_modules/node-fetch/lib/index.js\u001b[2m:1501:11)\u001b[22m\u001b[2m\u001b[22m\n\n\u001b[1m\u001b[31m  \u001b[1m● \u001b[22m\u001b[1mFirmwares API › POST /api.php/firmwares/upload-ino › devrait échouer sans fichier\u001b[39m\u001b[22m\n\n    FetchError: request to http://localhost:8000/api.php/auth/login failed, reason:\n\u001b[2m\u001b[22m\n\u001b[2m      \u001b[2mat ClientRequest.<anonymous> (\u001b[22m\u001b[2mnode_modules/node-fetch/lib/index.js\u001b[2m:1501:11)\u001b[22m\u001b[2m\u001b[22m\n","name":"D:\\Windsurf\\OTT\\__tests__\\api\\firmwares.test.js","startTime":1767980393582,"status":"failed","summary":""},{"assertionResults":[{"ancestorTitles":["SearchBar"],"duration":9,"failureDetails":[],"failureMessages":[],"fullName":"SearchBar devrait rendre un input avec le placeholder","invocations":1,"location":null,"numPassingAsserts":2,"retryReasons":[],"status":"passed","title":"devrait rendre un input avec le placeholder"},{"ancestorTitles":["SearchBar"],"duration":3,"failureDetails":[],"failureMessages":[],"fullName":"SearchBar devrait afficher la valeur initiale","invocations":1,"location":null,"numPassingAsserts":1,"retryReasons":[],"status":"passed","title":"devrait afficher la valeur initiale"},{"ancestorTitles":["SearchBar"],"duration":53,"failureDetails":[],"failureMessages":[],"fullName":"SearchBar devrait appeler onChange quand la valeur change","invocations":1,"location":null,"numPassingAsserts":1,"retryReasons":[],"status":"passed","title":"devrait appeler onChange quand la valeur change"},{"ancestorTitles":["SearchBar"],"duration":8,"failureDetails":[],"failureMessages":[],"fullName":"SearchBar devrait appliquer la className personnalisée","invocations":1,"location":null,"numPassingAsserts":1,"retryReasons":[],"status":"passed","title":"devrait appliquer la className personnalisée"}],"endTime":1767980394213,"message":"","name":"D:\\Windsurf\\OTT\\__tests__\\components\\SearchBar.test.js","startTime":1767980393792,"status":"passed","summary":""},{"assertionResults":[{"ancestorTitles":["useFormState"],"duration":4,"failureDetails":[],"failureMessages":[],"fullName":"useFormState devrait initialiser avec l'état fourni","invocations":1,"location":null,"numPassingAsserts":1,"retryReasons":[],"status":"passed","title":"devrait initialiser avec l'état fourni"},{"ancestorTitles":["useFormState"],"duration":3,"failureDetails":[],"failureMessages":[],"fullName":"useFormState devrait gérer les changements de texte","invocations":1,"location":null,"numPassingAsserts":1,"retryReasons":[],"status":"passed","title":"devrait gérer les changements de texte"},{"ancestorTitles":["useFormState"],"duration":2,"failureDetails":[],"failureMessages":[],"fullName":"useFormState devrait gérer les checkboxes","invocations":1,"location":null,"numPassingAsserts":1,"retryReasons":[],"status":"passed","title":"devrait gérer les checkboxes"},{"ancestorTitles":["useFormState"],"duration":2,"failureDetails":[],"failureMessages":[],"fullName":"useFormState devrait réinitialiser l'état","invocations":1,"location":null,"numPassingAsserts":2,"retryReasons":[],"status":"passed","title":"devrait réinitialiser l'état"},{"ancestorTitles":["useFormState"],"duration":2,"failureDetails":[],"failureMessages":[],"fullName":"useFormState devrait permettre de set directement les valeurs","invocations":1,"location":null,"numPassingAsserts":1,"retryReasons":[],"status":"passed","title":"devrait permettre de set directement les valeurs"}],"endTime":1767980394544,"message":"","name":"D:\\Windsurf\\OTT\\__tests__\\hooks\\useFormState.test.js","startTime":1767980394229,"status":"passed","summary":""},{"assertionResults":[{"ancestorTitles":["useToggle"],"duration":13,"failureDetails":[],"failureMessages":[],"fullName":"useToggle devrait initialiser avec false par défaut","invocations":1,"location":null,"numPassingAsserts":1,"retryReasons":[],"status":"passed","title":"devrait initialiser avec false par défaut"},{"ancestorTitles":["useToggle"],"duration":7,"failureDetails":[],"failureMessages":[],"fullName":"useToggle devrait initialiser avec la valeur fournie","invocations":1,"location":null,"numPassingAsserts":1,"retryReasons":[],"status":"passed","title":"devrait initialiser avec la valeur fournie"},{"ancestorTitles":["useToggle"],"duration":3,"failureDetails":[],"failureMessages":[],"fullName":"useToggle devrait toggle la valeur","invocations":1,"location":null,"numPassingAsserts":2,"retryReasons":[],"status":"passed","title":"devrait toggle la valeur"},{"ancestorTitles":["useToggle"],"duration":2,"failureDetails":[],"failureMessages":[],"fullName":"useToggle devrait ouvrir (set true)","invocations":1,"location":null,"numPassingAsserts":1,"retryReasons":[],"status":"passed","title":"devrait ouvrir (set true)"},{"ancestorTitles":["useToggle"],"duration":2,"failureDetails":[],"failureMessages":[],"fullName":"useToggle devrait fermer (set false)","invocations":1,"location":null,"numPassingAsserts":1,"retryReasons":[],"status":"passed","title":"devrait fermer (set false)"},{"ancestorTitles":["useToggle"],"duration":3,"failureDetails":[],"failureMessages":[],"fullName":"useToggle devrait définir une valeur spécifique","invocations":1,"location":null,"numPassingAsserts":2,"retryReasons":[],"status":"passed","title":"devrait définir une valeur spécifique"}],"endTime":1767980394921,"message":"","name":"D:\\Windsurf\\OTT\\__tests__\\hooks\\useToggle.test.js","startTime":1767980394577,"status":"passed","summary":""},{"assertionResults":[{"ancestorTitles":["useDebounce"],"duration":5,"failureDetails":[],"failureMessages":[],"fullName":"useDebounce devrait retourner la valeur initiale immédiatement","invocations":1,"location":null,"numPassingAsserts":1,"retryReasons":[],"status":"passed","title":"devrait retourner la valeur initiale immédiatement"},{"ancestorTitles":["useDebounce"],"duration":4,"failureDetails":[],"failureMessages":[],"fullName":"useDebounce devrait debouncer les changements de valeur","invocations":1,"location":null,"numPassingAsserts":3,"retryReasons":[],"status":"passed","title":"devrait debouncer les changements de valeur"},{"ancestorTitles":["useDebounce"],"duration":3,"failureDetails":[],"failureMessages":[],"fullName":"useDebounce devrait utiliser le délai par défaut de 300ms","invocations":1,"location":null,"numPassingAsserts":2,"retryReasons":[],"status":"passed","title":"devrait utiliser le délai par défaut de 300ms"}],"endTime":1767980395270,"message":"","name":"D:\\Windsurf\\OTT\\__tests__\\hooks\\useDebounce.test.js","startTime":1767980394942,"status":"passed","summary":""},{"assertionResults":[],"coverage":{},"endTime":1767980395596,"message":"  \u001b[1m● \u001b[22mTest suite failed to run\n\n    \u001b[31m\u001b[1mConfiguration error\u001b[22m:\u001b[39m\n    \u001b[31m\u001b[39m\n    \u001b[31mCould not locate module \u001b[1m@/components/AlertCard\u001b[22m mapped as:\u001b[39m\n    \u001b[31m\u001b[1mD:\\Windsurf\\OTT\\$1\u001b[22m.\u001b[39m\n    \u001b[31m\u001b[39m\n    \u001b[31mPlease check your configuration for these entries:\u001b[39m\n    \u001b[31m{\u001b[39m\n    \u001b[31m  \"moduleNameMapper\": {\u001b[39m\n    \u001b[31m    \"/^@\\/(.*)$/\": \"\u001b[1mD:\\Windsurf\\OTT\\$1\u001b[22m\"\u001b[39m\n    \u001b[31m  },\u001b[39m\n    \u001b[31m  \"resolver\": \u001b[1mundefined\u001b[22m\u001b[39m\n    \u001b[31m}\u001b[39m\n\n    \u001b[0m \u001b[90m  7 |\u001b[39m\n     \u001b[90m  8 |\u001b[39m describe(\u001b[32m'AlertCard'\u001b[39m\u001b[33m,\u001b[39m () \u001b[33m=>\u001b[39m {\n    \u001b[31m\u001b[1m>\u001b[22m\u001b[39m\u001b[90m  9 |\u001b[39m   \u001b[36mconst\u001b[39m mockAlert \u001b[33m=\u001b[39m {\n     \u001b[90m    |\u001b[39m                                          \u001b[31m\u001b[1m^\u001b[22m\u001b[39m\n     \u001b[90m 10 |\u001b[39m     id\u001b[33m:\u001b[39m \u001b[35m1\u001b[39m\u001b[33m,\u001b[39m\n     \u001b[90m 11 |\u001b[39m     message\u001b[33m:\u001b[39m \u001b[32m'Test alert message'\u001b[39m\u001b[33m,\u001b[39m\n     \u001b[90m 12 |\u001b[39m     severity\u001b[33m:\u001b[39m \u001b[32m'critical'\u001b[39m\u001b[33m,\u001b[39m\u001b[0m\n\n      \u001b[2mat createNoMappedModuleFoundError (\u001b[22mnode_modules/jest-resolve/build/resolver.js\u001b[2m:759:17)\u001b[22m\n      \u001b[2mat Object.<anonymous> (\u001b[22m\u001b[0m\u001b[36m__tests__/components/AlertCard.test.js\u001b[39m\u001b[0m\u001b[2m:9:59)\u001b[22m\n","name":"D:\\Windsurf\\OTT\\__tests__\\components\\AlertCard.test.js","startTime":1767980395596,"status":"failed","summary":""}],"wasInterrupted":false}
